<?xml version="1.0" encoding="UTF-8"?>
<testsuite xmlns:xsi="http://www.w3.org/2001/XMLSchema-instance" xsi:noNamespaceSchemaLocation="https://maven.apache.org/surefire/maven-surefire-plugin/xsd/surefire-test-report-3.0.xsd" version="3.0" name="com.example.employees.EmployeeApiIntegrationTest" time="17.46" tests="19" errors="0" skipped="0" failures="0">
  <properties>
    <property name="java.specification.version" value="17"/>
    <property name="sun.jnu.encoding" value="ANSI_X3.4-1968"/>
    <property name="java.class.path" value="/home/daytona/employees/target/test-classes:/home/daytona/employees/target/classes:/home/daytona/.m2/repository/org/springframework/boot/spring-boot-starter-web/3.4.0/spring-boot-starter-web-3.4.0.jar:/home/daytona/.m2/repository/org/springframework/boot/spring-boot-starter/3.4.0/spring-boot-starter-3.4.0.jar:/home/daytona/.m2/repository/org/springframework/boot/spring-boot/3.4.0/spring-boot-3.4.0.jar:/home/daytona/.m2/repository/org/springframework/boot/spring-boot-autoconfigure/3.4.0/spring-boot-autoconfigure-3.4.0.jar:/home/daytona/.m2/repository/org/springframework/boot/spring-boot-starter-logging/3.4.0/spring-boot-starter-logging-3.4.0.jar:/home/daytona/.m2/repository/ch/qos/logback/logback-classic/1.5.12/logback-classic-1.5.12.jar:/home/daytona/.m2/repository/ch/qos/logback/logback-core/1.5.12/logback-core-1.5.12.jar:/home/daytona/.m2/repository/org/apache/logging/log4j/log4j-to-slf4j/2.24.1/log4j-to-slf4j-2.24.1.jar:/home/daytona/.m2/repository/org/apache/logging/log4j/log4j-api/2.24.1/log4j-api-2.24.1.jar:/home/daytona/.m2/repository/org/slf4j/jul-to-slf4j/2.0.16/jul-to-slf4j-2.0.16.jar:/home/daytona/.m2/repository/jakarta/annotation/jakarta.annotation-api/2.1.1/jakarta.annotation-api-2.1.1.jar:/home/daytona/.m2/repository/org/yaml/snakeyaml/2.3/snakeyaml-2.3.jar:/home/daytona/.m2/repository/org/springframework/boot/spring-boot-starter-json/3.4.0/spring-boot-starter-json-3.4.0.jar:/home/daytona/.m2/repository/com/fasterxml/jackson/core/jackson-databind/2.18.1/jackson-databind-2.18.1.jar:/home/daytona/.m2/repository/com/fasterxml/jackson/core/jackson-annotations/2.18.1/jackson-annotations-2.18.1.jar:/home/daytona/.m2/repository/com/fasterxml/jackson/core/jackson-core/2.18.1/jackson-core-2.18.1.jar:/home/daytona/.m2/repository/com/fasterxml/jackson/datatype/jackson-datatype-jdk8/2.18.1/jackson-datatype-jdk8-2.18.1.jar:/home/daytona/.m2/repository/com/fasterxml/jackson/datatype/jackson-datatype-jsr310/2.18.1/jackson-datatype-jsr310-2.18.1.jar:/home/daytona/.m2/repository/com/fasterxml/jackson/module/jackson-module-parameter-names/2.18.1/jackson-module-parameter-names-2.18.1.jar:/home/daytona/.m2/repository/org/springframework/boot/spring-boot-starter-tomcat/3.4.0/spring-boot-starter-tomcat-3.4.0.jar:/home/daytona/.m2/repository/org/apache/tomcat/embed/tomcat-embed-core/10.1.33/tomcat-embed-core-10.1.33.jar:/home/daytona/.m2/repository/org/apache/tomcat/embed/tomcat-embed-el/10.1.33/tomcat-embed-el-10.1.33.jar:/home/daytona/.m2/repository/org/apache/tomcat/embed/tomcat-embed-websocket/10.1.33/tomcat-embed-websocket-10.1.33.jar:/home/daytona/.m2/repository/org/springframework/spring-web/6.2.0/spring-web-6.2.0.jar:/home/daytona/.m2/repository/org/springframework/spring-beans/6.2.0/spring-beans-6.2.0.jar:/home/daytona/.m2/repository/io/micrometer/micrometer-observation/1.14.1/micrometer-observation-1.14.1.jar:/home/daytona/.m2/repository/io/micrometer/micrometer-commons/1.14.1/micrometer-commons-1.14.1.jar:/home/daytona/.m2/repository/org/springframework/spring-webmvc/6.2.0/spring-webmvc-6.2.0.jar:/home/daytona/.m2/repository/org/springframework/spring-aop/6.2.0/spring-aop-6.2.0.jar:/home/daytona/.m2/repository/org/springframework/spring-context/6.2.0/spring-context-6.2.0.jar:/home/daytona/.m2/repository/org/springframework/spring-expression/6.2.0/spring-expression-6.2.0.jar:/home/daytona/.m2/repository/org/testng/testng/7.4.0/testng-7.4.0.jar:/home/daytona/.m2/repository/com/beust/jcommander/1.78/jcommander-1.78.jar:/home/daytona/.m2/repository/org/webjars/jquery/3.5.1/jquery-3.5.1.jar:/home/daytona/.m2/repository/org/springframework/boot/spring-boot-starter-data-jpa/3.4.0/spring-boot-starter-data-jpa-3.4.0.jar:/home/daytona/.m2/repository/org/springframework/boot/spring-boot-starter-jdbc/3.4.0/spring-boot-starter-jdbc-3.4.0.jar:/home/daytona/.m2/repository/com/zaxxer/HikariCP/5.1.0/HikariCP-5.1.0.jar:/home/daytona/.m2/repository/org/springframework/spring-jdbc/6.2.0/spring-jdbc-6.2.0.jar:/home/daytona/.m2/repository/org/hibernate/orm/hibernate-core/6.6.2.Final/hibernate-core-6.6.2.Final.jar:/home/daytona/.m2/repository/jakarta/persistence/jakarta.persistence-api/3.1.0/jakarta.persistence-api-3.1.0.jar:/home/daytona/.m2/repository/jakarta/transaction/jakarta.transaction-api/2.0.1/jakarta.transaction-api-2.0.1.jar:/home/daytona/.m2/repository/org/jboss/logging/jboss-logging/3.6.1.Final/jboss-logging-3.6.1.Final.jar:/home/daytona/.m2/repository/org/hibernate/common/hibernate-commons-annotations/7.0.3.Final/hibernate-commons-annotations-7.0.3.Final.jar:/home/daytona/.m2/repository/io/smallrye/jandex/3.2.0/jandex-3.2.0.jar:/home/daytona/.m2/repository/com/fasterxml/classmate/1.7.0/classmate-1.7.0.jar:/home/daytona/.m2/repository/net/bytebuddy/byte-buddy/1.15.10/byte-buddy-1.15.10.jar:/home/daytona/.m2/repository/org/glassfish/jaxb/jaxb-runtime/4.0.5/jaxb-runtime-4.0.5.jar:/home/daytona/.m2/repository/org/glassfish/jaxb/jaxb-core/4.0.5/jaxb-core-4.0.5.jar:/home/daytona/.m2/repository/org/eclipse/angus/angus-activation/2.0.2/angus-activation-2.0.2.jar:/home/daytona/.m2/repository/org/glassfish/jaxb/txw2/4.0.5/txw2-4.0.5.jar:/home/daytona/.m2/repository/com/sun/istack/istack-commons-runtime/4.1.2/istack-commons-runtime-4.1.2.jar:/home/daytona/.m2/repository/jakarta/inject/jakarta.inject-api/2.0.1/jakarta.inject-api-2.0.1.jar:/home/daytona/.m2/repository/org/antlr/antlr4-runtime/4.13.0/antlr4-runtime-4.13.0.jar:/home/daytona/.m2/repository/org/springframework/data/spring-data-jpa/3.4.0/spring-data-jpa-3.4.0.jar:/home/daytona/.m2/repository/org/springframework/data/spring-data-commons/3.4.0/spring-data-commons-3.4.0.jar:/home/daytona/.m2/repository/org/springframework/spring-orm/6.2.0/spring-orm-6.2.0.jar:/home/daytona/.m2/repository/org/springframework/spring-tx/6.2.0/spring-tx-6.2.0.jar:/home/daytona/.m2/repository/org/slf4j/slf4j-api/2.0.16/slf4j-api-2.0.16.jar:/home/daytona/.m2/repository/org/springframework/spring-aspects/6.2.0/spring-aspects-6.2.0.jar:/home/daytona/.m2/repository/org/aspectj/aspectjweaver/1.9.22.1/aspectjweaver-1.9.22.1.jar:/home/daytona/.m2/repository/com/h2database/h2/2.3.232/h2-2.3.232.jar:/home/daytona/.m2/repository/org/springframework/boot/spring-boot-starter-test/3.4.0/spring-boot-starter-test-3.4.0.jar:/home/daytona/.m2/repository/org/springframework/boot/spring-boot-test/3.4.0/spring-boot-test-3.4.0.jar:/home/daytona/.m2/repository/org/springframework/boot/spring-boot-test-autoconfigure/3.4.0/spring-boot-test-autoconfigure-3.4.0.jar:/home/daytona/.m2/repository/com/jayway/jsonpath/json-path/2.9.0/json-path-2.9.0.jar:/home/daytona/.m2/repository/jakarta/xml/bind/jakarta.xml.bind-api/4.0.2/jakarta.xml.bind-api-4.0.2.jar:/home/daytona/.m2/repository/jakarta/activation/jakarta.activation-api/2.1.3/jakarta.activation-api-2.1.3.jar:/home/daytona/.m2/repository/net/minidev/json-smart/2.5.1/json-smart-2.5.1.jar:/home/daytona/.m2/repository/net/minidev/accessors-smart/2.5.1/accessors-smart-2.5.1.jar:/home/daytona/.m2/repository/org/ow2/asm/asm/9.6/asm-9.6.jar:/home/daytona/.m2/repository/org/assertj/assertj-core/3.26.3/assertj-core-3.26.3.jar:/home/daytona/.m2/repository/org/awaitility/awaitility/4.2.2/awaitility-4.2.2.jar:/home/daytona/.m2/repository/org/hamcrest/hamcrest/2.2/hamcrest-2.2.jar:/home/daytona/.m2/repository/org/junit/jupiter/junit-jupiter/5.11.3/junit-jupiter-5.11.3.jar:/home/daytona/.m2/repository/org/junit/jupiter/junit-jupiter-api/5.11.3/junit-jupiter-api-5.11.3.jar:/home/daytona/.m2/repository/org/opentest4j/opentest4j/1.3.0/opentest4j-1.3.0.jar:/home/daytona/.m2/repository/org/junit/platform/junit-platform-commons/1.11.3/junit-platform-commons-1.11.3.jar:/home/daytona/.m2/repository/org/apiguardian/apiguardian-api/1.1.2/apiguardian-api-1.1.2.jar:/home/daytona/.m2/repository/org/junit/jupiter/junit-jupiter-params/5.11.3/junit-jupiter-params-5.11.3.jar:/home/daytona/.m2/repository/org/junit/jupiter/junit-jupiter-engine/5.11.3/junit-jupiter-engine-5.11.3.jar:/home/daytona/.m2/repository/org/junit/platform/junit-platform-engine/1.11.3/junit-platform-engine-1.11.3.jar:/home/daytona/.m2/repository/org/mockito/mockito-core/5.14.2/mockito-core-5.14.2.jar:/home/daytona/.m2/repository/net/bytebuddy/byte-buddy-agent/1.15.10/byte-buddy-agent-1.15.10.jar:/home/daytona/.m2/repository/org/objenesis/objenesis/3.3/objenesis-3.3.jar:/home/daytona/.m2/repository/org/mockito/mockito-junit-jupiter/5.14.2/mockito-junit-jupiter-5.14.2.jar:/home/daytona/.m2/repository/org/skyscreamer/jsonassert/1.5.3/jsonassert-1.5.3.jar:/home/daytona/.m2/repository/com/vaadin/external/google/android-json/0.0.20131108.vaadin1/android-json-0.0.20131108.vaadin1.jar:/home/daytona/.m2/repository/org/springframework/spring-core/6.2.0/spring-core-6.2.0.jar:/home/daytona/.m2/repository/org/springframework/spring-jcl/6.2.0/spring-jcl-6.2.0.jar:/home/daytona/.m2/repository/org/springframework/spring-test/6.2.0/spring-test-6.2.0.jar:/home/daytona/.m2/repository/org/xmlunit/xmlunit-core/2.10.0/xmlunit-core-2.10.0.jar:"/>
    <property name="java.vm.vendor" value="Debian"/>
    <property name="sun.arch.data.model" value="64"/>
    <property name="catalina.useNaming" value="false"/>
    <property name="java.vendor.url" value="https://tracker.debian.org/openjdk-17"/>
    <property name="user.timezone" value="Etc/UTC"/>
    <property name="org.jboss.logging.provider" value="slf4j"/>
    <property name="os.name" value="Linux"/>
    <property name="java.vm.specification.version" value="17"/>
    <property name="sun.java.launcher" value="SUN_STANDARD"/>
    <property name="user.country" value="US"/>
    <property name="sun.boot.library.path" value="/usr/lib/jvm/java-17-openjdk-amd64/lib"/>
    <property name="sun.java.command" value="/home/daytona/employees/target/surefire/surefirebooter-20250807063443110_3.jar /home/daytona/employees/target/surefire 2025-08-07T06-34-42_789-jvmRun1 surefire-20250807063443110_1tmp surefire_0-20250807063443110_2tmp"/>
    <property name="jdk.debug" value="release"/>
    <property name="surefire.test.class.path" value="/home/daytona/employees/target/test-classes:/home/daytona/employees/target/classes:/home/daytona/.m2/repository/org/springframework/boot/spring-boot-starter-web/3.4.0/spring-boot-starter-web-3.4.0.jar:/home/daytona/.m2/repository/org/springframework/boot/spring-boot-starter/3.4.0/spring-boot-starter-3.4.0.jar:/home/daytona/.m2/repository/org/springframework/boot/spring-boot/3.4.0/spring-boot-3.4.0.jar:/home/daytona/.m2/repository/org/springframework/boot/spring-boot-autoconfigure/3.4.0/spring-boot-autoconfigure-3.4.0.jar:/home/daytona/.m2/repository/org/springframework/boot/spring-boot-starter-logging/3.4.0/spring-boot-starter-logging-3.4.0.jar:/home/daytona/.m2/repository/ch/qos/logback/logback-classic/1.5.12/logback-classic-1.5.12.jar:/home/daytona/.m2/repository/ch/qos/logback/logback-core/1.5.12/logback-core-1.5.12.jar:/home/daytona/.m2/repository/org/apache/logging/log4j/log4j-to-slf4j/2.24.1/log4j-to-slf4j-2.24.1.jar:/home/daytona/.m2/repository/org/apache/logging/log4j/log4j-api/2.24.1/log4j-api-2.24.1.jar:/home/daytona/.m2/repository/org/slf4j/jul-to-slf4j/2.0.16/jul-to-slf4j-2.0.16.jar:/home/daytona/.m2/repository/jakarta/annotation/jakarta.annotation-api/2.1.1/jakarta.annotation-api-2.1.1.jar:/home/daytona/.m2/repository/org/yaml/snakeyaml/2.3/snakeyaml-2.3.jar:/home/daytona/.m2/repository/org/springframework/boot/spring-boot-starter-json/3.4.0/spring-boot-starter-json-3.4.0.jar:/home/daytona/.m2/repository/com/fasterxml/jackson/core/jackson-databind/2.18.1/jackson-databind-2.18.1.jar:/home/daytona/.m2/repository/com/fasterxml/jackson/core/jackson-annotations/2.18.1/jackson-annotations-2.18.1.jar:/home/daytona/.m2/repository/com/fasterxml/jackson/core/jackson-core/2.18.1/jackson-core-2.18.1.jar:/home/daytona/.m2/repository/com/fasterxml/jackson/datatype/jackson-datatype-jdk8/2.18.1/jackson-datatype-jdk8-2.18.1.jar:/home/daytona/.m2/repository/com/fasterxml/jackson/datatype/jackson-datatype-jsr310/2.18.1/jackson-datatype-jsr310-2.18.1.jar:/home/daytona/.m2/repository/com/fasterxml/jackson/module/jackson-module-parameter-names/2.18.1/jackson-module-parameter-names-2.18.1.jar:/home/daytona/.m2/repository/org/springframework/boot/spring-boot-starter-tomcat/3.4.0/spring-boot-starter-tomcat-3.4.0.jar:/home/daytona/.m2/repository/org/apache/tomcat/embed/tomcat-embed-core/10.1.33/tomcat-embed-core-10.1.33.jar:/home/daytona/.m2/repository/org/apache/tomcat/embed/tomcat-embed-el/10.1.33/tomcat-embed-el-10.1.33.jar:/home/daytona/.m2/repository/org/apache/tomcat/embed/tomcat-embed-websocket/10.1.33/tomcat-embed-websocket-10.1.33.jar:/home/daytona/.m2/repository/org/springframework/spring-web/6.2.0/spring-web-6.2.0.jar:/home/daytona/.m2/repository/org/springframework/spring-beans/6.2.0/spring-beans-6.2.0.jar:/home/daytona/.m2/repository/io/micrometer/micrometer-observation/1.14.1/micrometer-observation-1.14.1.jar:/home/daytona/.m2/repository/io/micrometer/micrometer-commons/1.14.1/micrometer-commons-1.14.1.jar:/home/daytona/.m2/repository/org/springframework/spring-webmvc/6.2.0/spring-webmvc-6.2.0.jar:/home/daytona/.m2/repository/org/springframework/spring-aop/6.2.0/spring-aop-6.2.0.jar:/home/daytona/.m2/repository/org/springframework/spring-context/6.2.0/spring-context-6.2.0.jar:/home/daytona/.m2/repository/org/springframework/spring-expression/6.2.0/spring-expression-6.2.0.jar:/home/daytona/.m2/repository/org/testng/testng/7.4.0/testng-7.4.0.jar:/home/daytona/.m2/repository/com/beust/jcommander/1.78/jcommander-1.78.jar:/home/daytona/.m2/repository/org/webjars/jquery/3.5.1/jquery-3.5.1.jar:/home/daytona/.m2/repository/org/springframework/boot/spring-boot-starter-data-jpa/3.4.0/spring-boot-starter-data-jpa-3.4.0.jar:/home/daytona/.m2/repository/org/springframework/boot/spring-boot-starter-jdbc/3.4.0/spring-boot-starter-jdbc-3.4.0.jar:/home/daytona/.m2/repository/com/zaxxer/HikariCP/5.1.0/HikariCP-5.1.0.jar:/home/daytona/.m2/repository/org/springframework/spring-jdbc/6.2.0/spring-jdbc-6.2.0.jar:/home/daytona/.m2/repository/org/hibernate/orm/hibernate-core/6.6.2.Final/hibernate-core-6.6.2.Final.jar:/home/daytona/.m2/repository/jakarta/persistence/jakarta.persistence-api/3.1.0/jakarta.persistence-api-3.1.0.jar:/home/daytona/.m2/repository/jakarta/transaction/jakarta.transaction-api/2.0.1/jakarta.transaction-api-2.0.1.jar:/home/daytona/.m2/repository/org/jboss/logging/jboss-logging/3.6.1.Final/jboss-logging-3.6.1.Final.jar:/home/daytona/.m2/repository/org/hibernate/common/hibernate-commons-annotations/7.0.3.Final/hibernate-commons-annotations-7.0.3.Final.jar:/home/daytona/.m2/repository/io/smallrye/jandex/3.2.0/jandex-3.2.0.jar:/home/daytona/.m2/repository/com/fasterxml/classmate/1.7.0/classmate-1.7.0.jar:/home/daytona/.m2/repository/net/bytebuddy/byte-buddy/1.15.10/byte-buddy-1.15.10.jar:/home/daytona/.m2/repository/org/glassfish/jaxb/jaxb-runtime/4.0.5/jaxb-runtime-4.0.5.jar:/home/daytona/.m2/repository/org/glassfish/jaxb/jaxb-core/4.0.5/jaxb-core-4.0.5.jar:/home/daytona/.m2/repository/org/eclipse/angus/angus-activation/2.0.2/angus-activation-2.0.2.jar:/home/daytona/.m2/repository/org/glassfish/jaxb/txw2/4.0.5/txw2-4.0.5.jar:/home/daytona/.m2/repository/com/sun/istack/istack-commons-runtime/4.1.2/istack-commons-runtime-4.1.2.jar:/home/daytona/.m2/repository/jakarta/inject/jakarta.inject-api/2.0.1/jakarta.inject-api-2.0.1.jar:/home/daytona/.m2/repository/org/antlr/antlr4-runtime/4.13.0/antlr4-runtime-4.13.0.jar:/home/daytona/.m2/repository/org/springframework/data/spring-data-jpa/3.4.0/spring-data-jpa-3.4.0.jar:/home/daytona/.m2/repository/org/springframework/data/spring-data-commons/3.4.0/spring-data-commons-3.4.0.jar:/home/daytona/.m2/repository/org/springframework/spring-orm/6.2.0/spring-orm-6.2.0.jar:/home/daytona/.m2/repository/org/springframework/spring-tx/6.2.0/spring-tx-6.2.0.jar:/home/daytona/.m2/repository/org/slf4j/slf4j-api/2.0.16/slf4j-api-2.0.16.jar:/home/daytona/.m2/repository/org/springframework/spring-aspects/6.2.0/spring-aspects-6.2.0.jar:/home/daytona/.m2/repository/org/aspectj/aspectjweaver/1.9.22.1/aspectjweaver-1.9.22.1.jar:/home/daytona/.m2/repository/com/h2database/h2/2.3.232/h2-2.3.232.jar:/home/daytona/.m2/repository/org/springframework/boot/spring-boot-starter-test/3.4.0/spring-boot-starter-test-3.4.0.jar:/home/daytona/.m2/repository/org/springframework/boot/spring-boot-test/3.4.0/spring-boot-test-3.4.0.jar:/home/daytona/.m2/repository/org/springframework/boot/spring-boot-test-autoconfigure/3.4.0/spring-boot-test-autoconfigure-3.4.0.jar:/home/daytona/.m2/repository/com/jayway/jsonpath/json-path/2.9.0/json-path-2.9.0.jar:/home/daytona/.m2/repository/jakarta/xml/bind/jakarta.xml.bind-api/4.0.2/jakarta.xml.bind-api-4.0.2.jar:/home/daytona/.m2/repository/jakarta/activation/jakarta.activation-api/2.1.3/jakarta.activation-api-2.1.3.jar:/home/daytona/.m2/repository/net/minidev/json-smart/2.5.1/json-smart-2.5.1.jar:/home/daytona/.m2/repository/net/minidev/accessors-smart/2.5.1/accessors-smart-2.5.1.jar:/home/daytona/.m2/repository/org/ow2/asm/asm/9.6/asm-9.6.jar:/home/daytona/.m2/repository/org/assertj/assertj-core/3.26.3/assertj-core-3.26.3.jar:/home/daytona/.m2/repository/org/awaitility/awaitility/4.2.2/awaitility-4.2.2.jar:/home/daytona/.m2/repository/org/hamcrest/hamcrest/2.2/hamcrest-2.2.jar:/home/daytona/.m2/repository/org/junit/jupiter/junit-jupiter/5.11.3/junit-jupiter-5.11.3.jar:/home/daytona/.m2/repository/org/junit/jupiter/junit-jupiter-api/5.11.3/junit-jupiter-api-5.11.3.jar:/home/daytona/.m2/repository/org/opentest4j/opentest4j/1.3.0/opentest4j-1.3.0.jar:/home/daytona/.m2/repository/org/junit/platform/junit-platform-commons/1.11.3/junit-platform-commons-1.11.3.jar:/home/daytona/.m2/repository/org/apiguardian/apiguardian-api/1.1.2/apiguardian-api-1.1.2.jar:/home/daytona/.m2/repository/org/junit/jupiter/junit-jupiter-params/5.11.3/junit-jupiter-params-5.11.3.jar:/home/daytona/.m2/repository/org/junit/jupiter/junit-jupiter-engine/5.11.3/junit-jupiter-engine-5.11.3.jar:/home/daytona/.m2/repository/org/junit/platform/junit-platform-engine/1.11.3/junit-platform-engine-1.11.3.jar:/home/daytona/.m2/repository/org/mockito/mockito-core/5.14.2/mockito-core-5.14.2.jar:/home/daytona/.m2/repository/net/bytebuddy/byte-buddy-agent/1.15.10/byte-buddy-agent-1.15.10.jar:/home/daytona/.m2/repository/org/objenesis/objenesis/3.3/objenesis-3.3.jar:/home/daytona/.m2/repository/org/mockito/mockito-junit-jupiter/5.14.2/mockito-junit-jupiter-5.14.2.jar:/home/daytona/.m2/repository/org/skyscreamer/jsonassert/1.5.3/jsonassert-1.5.3.jar:/home/daytona/.m2/repository/com/vaadin/external/google/android-json/0.0.20131108.vaadin1/android-json-0.0.20131108.vaadin1.jar:/home/daytona/.m2/repository/org/springframework/spring-core/6.2.0/spring-core-6.2.0.jar:/home/daytona/.m2/repository/org/springframework/spring-jcl/6.2.0/spring-jcl-6.2.0.jar:/home/daytona/.m2/repository/org/springframework/spring-test/6.2.0/spring-test-6.2.0.jar:/home/daytona/.m2/repository/org/xmlunit/xmlunit-core/2.10.0/xmlunit-core-2.10.0.jar:"/>
    <property name="sun.cpu.endian" value="little"/>
    <property name="user.home" value="/home/daytona"/>
    <property name="user.language" value="en"/>
    <property name="java.specification.vendor" value="Oracle Corporation"/>
    <property name="java.version.date" value="2025-04-15"/>
    <property name="java.home" value="/usr/lib/jvm/java-17-openjdk-amd64"/>
    <property name="file.separator" value="/"/>
    <property name="basedir" value="/home/daytona/employees"/>
    <property name="java.vm.compressedOopsMode" value="Zero based"/>
    <property name="line.separator" value="&#10;"/>
    <property name="java.specification.name" value="Java Platform API Specification"/>
    <property name="java.vm.specification.vendor" value="Oracle Corporation"/>
    <property name="FILE_LOG_CHARSET" value="US-ASCII"/>
    <property name="java.awt.headless" value="true"/>
    <property name="surefire.real.class.path" value="/home/daytona/employees/target/surefire/surefirebooter-20250807063443110_3.jar"/>
    <property name="sun.management.compiler" value="HotSpot 64-Bit Tiered Compilers"/>
    <property name="java.runtime.version" value="17.0.15+6-Debian-1deb12u1"/>
    <property name="user.name" value="daytona"/>
    <property name="path.separator" value=":"/>
    <property name="os.version" value="6.8.0-64-generic"/>
    <property name="java.runtime.name" value="OpenJDK Runtime Environment"/>
    <property name="file.encoding" value="ANSI_X3.4-1968"/>
    <property name="java.vm.name" value="OpenJDK 64-Bit Server VM"/>
    <property name="localRepository" value="/home/daytona/.m2/repository"/>
    <property name="java.vendor.url.bug" value="https://bugs.debian.org/openjdk-17"/>
    <property name="java.io.tmpdir" value="/tmp"/>
    <property name="catalina.home" value="/tmp/tomcat.0.9031929681678413607"/>
    <property name="com.zaxxer.hikari.pool_number" value="19"/>
    <property name="java.version" value="17.0.15"/>
    <property name="user.dir" value="/home/daytona/employees"/>
    <property name="os.arch" value="amd64"/>
    <property name="java.vm.specification.name" value="Java Virtual Machine Specification"/>
    <property name="PID" value="6426"/>
    <property name="CONSOLE_LOG_CHARSET" value="US-ASCII"/>
    <property name="catalina.base" value="/tmp/tomcat.0.18295889383825512240"/>
    <property name="native.encoding" value="ANSI_X3.4-1968"/>
    <property name="java.library.path" value="/usr/java/packages/lib:/usr/lib/x86_64-linux-gnu/jni:/lib/x86_64-linux-gnu:/usr/lib/x86_64-linux-gnu:/usr/lib/jni:/lib:/usr/lib"/>
    <property name="java.vm.info" value="mixed mode, sharing"/>
    <property name="java.vendor" value="Debian"/>
    <property name="java.vm.version" value="17.0.15+6-Debian-1deb12u1"/>
    <property name="java.specification.maintenance.version" value="1"/>
    <property name="sun.io.unicode.encoding" value="UnicodeLittle"/>
    <property name="java.class.version" value="61.0"/>
  </properties>
  <testcase name="testCreateEmployee_EmptyRequestBody" classname="com.example.employees.EmployeeApiIntegrationTest" time="0.12">
    <system-out><![CDATA[06:34:43.544 [main] INFO org.springframework.test.context.support.AnnotationConfigContextLoaderUtils -- Could not detect default configuration classes for test class [com.example.employees.EmployeeApiIntegrationTest]: EmployeeApiIntegrationTest does not declare any static, non-private, non-final, nested classes annotated with @Configuration.
06:34:43.690 [main] INFO org.springframework.boot.test.context.SpringBootTestContextBootstrapper -- Found @SpringBootConfiguration com.example.employees.EmployeeManagementApplication for test class com.example.employees.EmployeeApiIntegrationTest

  .   ____          _            __ _ _
 /\\ / ___'_ __ _ _(_)_ __  __ _ \ \ \ \
( ( )\___ | '_ | '_| | '_ \/ _` | \ \ \ \
 \\/  ___)| |_)| | | | | || (_| |  ) ) ) )
  '  |____| .__|_| |_|_| |_\__, | / / / /
 =========|_|==============|___/=/_/_/_/

 :: Spring Boot ::                (v3.4.0)

2025-08-07T06:34:44.092Z  INFO 6426 --- [           main] c.e.e.EmployeeApiIntegrationTest         : Starting EmployeeApiIntegrationTest using Java 17.0.15 with PID 6426 (/home/daytona/employees/target/test-classes started by daytona in /home/daytona/employees)
2025-08-07T06:34:44.093Z  INFO 6426 --- [           main] c.e.e.EmployeeApiIntegrationTest         : No active profile set, falling back to 1 default profile: "default"
2025-08-07T06:34:44.889Z  INFO 6426 --- [           main] .s.d.r.c.RepositoryConfigurationDelegate : Bootstrapping Spring Data JPA repositories in DEFAULT mode.
2025-08-07T06:34:44.919Z  INFO 6426 --- [           main] .s.d.r.c.RepositoryConfigurationDelegate : Finished Spring Data repository scanning in 24 ms. Found 1 JPA repository interface.
2025-08-07T06:34:45.509Z  INFO 6426 --- [           main] o.s.b.w.embedded.tomcat.TomcatWebServer  : Tomcat initialized with port 0 (http)
2025-08-07T06:34:45.516Z  INFO 6426 --- [           main] o.apache.catalina.core.StandardService   : Starting service [Tomcat]
2025-08-07T06:34:45.516Z  INFO 6426 --- [           main] o.apache.catalina.core.StandardEngine    : Starting Servlet engine: [Apache Tomcat/10.1.33]
2025-08-07T06:34:45.612Z  INFO 6426 --- [           main] o.a.c.c.C.[Tomcat].[localhost].[/]       : Initializing Spring embedded WebApplicationContext
2025-08-07T06:34:45.613Z  INFO 6426 --- [           main] w.s.c.ServletWebServerApplicationContext : Root WebApplicationContext: initialization completed in 1511 ms
2025-08-07T06:34:45.900Z  INFO 6426 --- [           main] com.zaxxer.hikari.HikariDataSource       : HikariPool-1 - Starting...
2025-08-07T06:34:46.485Z  INFO 6426 --- [           main] com.zaxxer.hikari.pool.HikariPool        : HikariPool-1 - Added connection conn0: url=jdbc:h2:mem:c1b65b7e-e474-4dd4-a512-f30d65f124f7 user=SA
2025-08-07T06:34:46.487Z  INFO 6426 --- [           main] com.zaxxer.hikari.HikariDataSource       : HikariPool-1 - Start completed.
2025-08-07T06:34:46.694Z  INFO 6426 --- [           main] o.hibernate.jpa.internal.util.LogHelper  : HHH000204: Processing PersistenceUnitInfo [name: default]
2025-08-07T06:34:46.895Z  INFO 6426 --- [           main] org.hibernate.Version                    : HHH000412: Hibernate ORM core version 6.6.2.Final
2025-08-07T06:34:47.000Z  INFO 6426 --- [           main] o.h.c.internal.RegionFactoryInitiator    : HHH000026: Second-level cache disabled
2025-08-07T06:34:47.603Z  INFO 6426 --- [           main] o.s.o.j.p.SpringPersistenceUnitInfo      : No LoadTimeWeaver setup: ignoring JPA class transformer
2025-08-07T06:34:47.715Z  INFO 6426 --- [           main] org.hibernate.orm.connections.pooling    : HHH10001005: Database info:
	Database JDBC URL [Connecting through datasource 'HikariDataSource (HikariPool-1)']
	Database driver: undefined/unknown
	Database version: 2.3.232
	Autocommit mode: undefined/unknown
	Isolation level: undefined/unknown
	Minimum pool size: undefined/unknown
	Maximum pool size: undefined/unknown
2025-08-07T06:34:48.246Z  INFO 6426 --- [           main] o.h.e.t.j.p.i.JtaPlatformInitiator       : HHH000489: No JTA platform available (set 'hibernate.transaction.jta.platform' to enable JTA platform integration)
2025-08-07T06:34:48.262Z  INFO 6426 --- [           main] j.LocalContainerEntityManagerFactoryBean : Initialized JPA EntityManagerFactory for persistence unit 'default'
2025-08-07T06:34:48.687Z  WARN 6426 --- [           main] JpaBaseConfiguration$JpaWebConfiguration : spring.jpa.open-in-view is enabled by default. Therefore, database queries may be performed during view rendering. Explicitly configure spring.jpa.open-in-view to disable this warning
2025-08-07T06:34:49.801Z  INFO 6426 --- [           main] o.s.b.w.embedded.tomcat.TomcatWebServer  : Tomcat started on port 37689 (http) with context path '/'
2025-08-07T06:34:49.807Z  INFO 6426 --- [           main] c.e.e.EmployeeApiIntegrationTest         : Started EmployeeApiIntegrationTest in 5.967 seconds (process running for 6.668)
2025-08-07T06:34:50.418Z  INFO 6426 --- [o-auto-1-exec-1] o.a.c.c.C.[Tomcat].[localhost].[/]       : Initializing Spring DispatcherServlet 'dispatcherServlet'
2025-08-07T06:34:50.418Z  INFO 6426 --- [o-auto-1-exec-1] o.s.web.servlet.DispatcherServlet        : Initializing Servlet 'dispatcherServlet'
2025-08-07T06:34:50.419Z  INFO 6426 --- [o-auto-1-exec-1] o.s.web.servlet.DispatcherServlet        : Completed initialization in 1 ms
2025-08-07T06:34:50.451Z  WARN 6426 --- [o-auto-1-exec-1] .w.s.m.s.DefaultHandlerExceptionResolver : Resolved [org.springframework.http.converter.HttpMessageNotReadableException: Required request body is missing: public com.example.employees.Employee com.example.employees.EmployeeController.addEmployee(com.example.employees.Employee)]
]]></system-out>
  </testcase>
  <testcase name="testCreateEmployee_InvalidJson" classname="com.example.employees.EmployeeApiIntegrationTest" time="0.096">
    <system-out><![CDATA[2025-08-07T06:34:50.490Z  INFO 6426 --- [           main] o.s.b.w.e.tomcat.GracefulShutdown        : Commencing graceful shutdown. Waiting for active requests to complete
2025-08-07T06:34:50.492Z  INFO 6426 --- [tomcat-shutdown] o.s.b.w.e.tomcat.GracefulShutdown        : Graceful shutdown complete
2025-08-07T06:34:50.494Z  INFO 6426 --- [           main] j.LocalContainerEntityManagerFactoryBean : Closing JPA EntityManagerFactory for persistence unit 'default'
2025-08-07T06:34:50.496Z  INFO 6426 --- [           main] com.zaxxer.hikari.HikariDataSource       : HikariPool-1 - Shutdown initiated...
2025-08-07T06:34:50.497Z  INFO 6426 --- [           main] com.zaxxer.hikari.HikariDataSource       : HikariPool-1 - Shutdown completed.

  .   ____          _            __ _ _
 /\\ / ___'_ __ _ _(_)_ __  __ _ \ \ \ \
( ( )\___ | '_ | '_| | '_ \/ _` | \ \ \ \
 \\/  ___)| |_)| | | | | || (_| |  ) ) ) )
  '  |____| .__|_| |_|_| |_\__, | / / / /
 =========|_|==============|___/=/_/_/_/

 :: Spring Boot ::                (v3.4.0)

2025-08-07T06:34:50.514Z  INFO 6426 --- [           main] c.e.e.EmployeeApiIntegrationTest         : Starting EmployeeApiIntegrationTest using Java 17.0.15 with PID 6426 (/home/daytona/employees/target/test-classes started by daytona in /home/daytona/employees)
2025-08-07T06:34:50.514Z  INFO 6426 --- [           main] c.e.e.EmployeeApiIntegrationTest         : No active profile set, falling back to 1 default profile: "default"
2025-08-07T06:34:50.703Z  INFO 6426 --- [           main] .s.d.r.c.RepositoryConfigurationDelegate : Bootstrapping Spring Data JPA repositories in DEFAULT mode.
2025-08-07T06:34:50.707Z  INFO 6426 --- [           main] .s.d.r.c.RepositoryConfigurationDelegate : Finished Spring Data repository scanning in 2 ms. Found 1 JPA repository interface.
2025-08-07T06:34:50.904Z  INFO 6426 --- [           main] o.s.b.w.embedded.tomcat.TomcatWebServer  : Tomcat initialized with port 0 (http)
2025-08-07T06:34:50.905Z  INFO 6426 --- [           main] o.apache.catalina.core.StandardService   : Starting service [Tomcat]
2025-08-07T06:34:50.905Z  INFO 6426 --- [           main] o.apache.catalina.core.StandardEngine    : Starting Servlet engine: [Apache Tomcat/10.1.33]
2025-08-07T06:34:50.989Z  INFO 6426 --- [           main] o.a.c.c.C.[Tomcat].[localhost].[/]       : Initializing Spring embedded WebApplicationContext
2025-08-07T06:34:50.989Z  INFO 6426 --- [           main] w.s.c.ServletWebServerApplicationContext : Root WebApplicationContext: initialization completed in 474 ms
2025-08-07T06:34:51.086Z  INFO 6426 --- [           main] com.zaxxer.hikari.HikariDataSource       : HikariPool-2 - Starting...
2025-08-07T06:34:51.088Z  INFO 6426 --- [           main] com.zaxxer.hikari.pool.HikariPool        : HikariPool-2 - Added connection conn10: url=jdbc:h2:mem:e5d1fd33-22a9-4c8a-97ff-738754a4d270 user=SA
2025-08-07T06:34:51.088Z  INFO 6426 --- [           main] com.zaxxer.hikari.HikariDataSource       : HikariPool-2 - Start completed.
2025-08-07T06:34:51.091Z  INFO 6426 --- [           main] o.hibernate.jpa.internal.util.LogHelper  : HHH000204: Processing PersistenceUnitInfo [name: default]
2025-08-07T06:34:51.092Z  INFO 6426 --- [           main] o.h.c.internal.RegionFactoryInitiator    : HHH000026: Second-level cache disabled
2025-08-07T06:34:51.097Z  INFO 6426 --- [           main] o.s.o.j.p.SpringPersistenceUnitInfo      : No LoadTimeWeaver setup: ignoring JPA class transformer
2025-08-07T06:34:51.098Z  INFO 6426 --- [           main] org.hibernate.orm.connections.pooling    : HHH10001005: Database info:
	Database JDBC URL [Connecting through datasource 'HikariDataSource (HikariPool-2)']
	Database driver: undefined/unknown
	Database version: 2.3.232
	Autocommit mode: undefined/unknown
	Isolation level: undefined/unknown
	Minimum pool size: undefined/unknown
	Maximum pool size: undefined/unknown
2025-08-07T06:34:51.206Z  INFO 6426 --- [           main] o.h.e.t.j.p.i.JtaPlatformInitiator       : HHH000489: No JTA platform available (set 'hibernate.transaction.jta.platform' to enable JTA platform integration)
2025-08-07T06:34:51.210Z  INFO 6426 --- [           main] j.LocalContainerEntityManagerFactoryBean : Initialized JPA EntityManagerFactory for persistence unit 'default'
2025-08-07T06:34:51.297Z  WARN 6426 --- [           main] JpaBaseConfiguration$JpaWebConfiguration : spring.jpa.open-in-view is enabled by default. Therefore, database queries may be performed during view rendering. Explicitly configure spring.jpa.open-in-view to disable this warning
2025-08-07T06:34:51.496Z  INFO 6426 --- [           main] o.s.b.w.embedded.tomcat.TomcatWebServer  : Tomcat started on port 37793 (http) with context path '/'
2025-08-07T06:34:51.498Z  INFO 6426 --- [           main] c.e.e.EmployeeApiIntegrationTest         : Started EmployeeApiIntegrationTest in 0.996 seconds (process running for 8.359)
2025-08-07T06:34:51.588Z  INFO 6426 --- [o-auto-2-exec-1] o.a.c.c.C.[Tomcat].[localhost].[/]       : Initializing Spring DispatcherServlet 'dispatcherServlet'
2025-08-07T06:34:51.588Z  INFO 6426 --- [o-auto-2-exec-1] o.s.web.servlet.DispatcherServlet        : Initializing Servlet 'dispatcherServlet'
2025-08-07T06:34:51.589Z  INFO 6426 --- [o-auto-2-exec-1] o.s.web.servlet.DispatcherServlet        : Completed initialization in 1 ms
2025-08-07T06:34:51.596Z  WARN 6426 --- [o-auto-2-exec-1] .w.s.m.s.DefaultHandlerExceptionResolver : Resolved [org.springframework.http.converter.HttpMessageNotReadableException: JSON parse error: Unexpected character ('i' (code 105)): was expecting double-quote to start field name]
]]></system-out>
  </testcase>
  <testcase name="testCreateEmployee_NullEmployee" classname="com.example.employees.EmployeeApiIntegrationTest" time="0.009">
    <system-out><![CDATA[2025-08-07T06:34:51.602Z  INFO 6426 --- [           main] o.s.b.w.e.tomcat.GracefulShutdown        : Commencing graceful shutdown. Waiting for active requests to complete
2025-08-07T06:34:51.603Z  INFO 6426 --- [tomcat-shutdown] o.s.b.w.e.tomcat.GracefulShutdown        : Graceful shutdown complete
2025-08-07T06:34:51.604Z  INFO 6426 --- [           main] j.LocalContainerEntityManagerFactoryBean : Closing JPA EntityManagerFactory for persistence unit 'default'
2025-08-07T06:34:51.685Z  INFO 6426 --- [           main] com.zaxxer.hikari.HikariDataSource       : HikariPool-2 - Shutdown initiated...
2025-08-07T06:34:51.686Z  INFO 6426 --- [           main] com.zaxxer.hikari.HikariDataSource       : HikariPool-2 - Shutdown completed.

  .   ____          _            __ _ _
 /\\ / ___'_ __ _ _(_)_ __  __ _ \ \ \ \
( ( )\___ | '_ | '_| | '_ \/ _` | \ \ \ \
 \\/  ___)| |_)| | | | | || (_| |  ) ) ) )
  '  |____| .__|_| |_|_| |_\__, | / / / /
 =========|_|==============|___/=/_/_/_/

 :: Spring Boot ::                (v3.4.0)

2025-08-07T06:34:51.698Z  INFO 6426 --- [           main] c.e.e.EmployeeApiIntegrationTest         : Starting EmployeeApiIntegrationTest using Java 17.0.15 with PID 6426 (/home/daytona/employees/target/test-classes started by daytona in /home/daytona/employees)
2025-08-07T06:34:51.699Z  INFO 6426 --- [           main] c.e.e.EmployeeApiIntegrationTest         : No active profile set, falling back to 1 default profile: "default"
2025-08-07T06:34:52.004Z  INFO 6426 --- [           main] .s.d.r.c.RepositoryConfigurationDelegate : Bootstrapping Spring Data JPA repositories in DEFAULT mode.
2025-08-07T06:34:52.088Z  INFO 6426 --- [           main] .s.d.r.c.RepositoryConfigurationDelegate : Finished Spring Data repository scanning in 83 ms. Found 1 JPA repository interface.
2025-08-07T06:34:52.199Z  INFO 6426 --- [           main] o.s.b.w.embedded.tomcat.TomcatWebServer  : Tomcat initialized with port 0 (http)
2025-08-07T06:34:52.200Z  INFO 6426 --- [           main] o.apache.catalina.core.StandardService   : Starting service [Tomcat]
2025-08-07T06:34:52.200Z  INFO 6426 --- [           main] o.apache.catalina.core.StandardEngine    : Starting Servlet engine: [Apache Tomcat/10.1.33]
2025-08-07T06:34:52.287Z  INFO 6426 --- [           main] o.a.c.c.C.[Tomcat].[localhost].[/]       : Initializing Spring embedded WebApplicationContext
2025-08-07T06:34:52.288Z  INFO 6426 --- [           main] w.s.c.ServletWebServerApplicationContext : Root WebApplicationContext: initialization completed in 589 ms
2025-08-07T06:34:52.298Z  INFO 6426 --- [           main] com.zaxxer.hikari.HikariDataSource       : HikariPool-3 - Starting...
2025-08-07T06:34:52.300Z  INFO 6426 --- [           main] com.zaxxer.hikari.pool.HikariPool        : HikariPool-3 - Added connection conn20: url=jdbc:h2:mem:dcc4df0c-4e00-472f-bd75-319dde09f0ae user=SA
2025-08-07T06:34:52.300Z  INFO 6426 --- [           main] com.zaxxer.hikari.HikariDataSource       : HikariPool-3 - Start completed.
2025-08-07T06:34:52.302Z  INFO 6426 --- [           main] o.hibernate.jpa.internal.util.LogHelper  : HHH000204: Processing PersistenceUnitInfo [name: default]
2025-08-07T06:34:52.303Z  INFO 6426 --- [           main] o.h.c.internal.RegionFactoryInitiator    : HHH000026: Second-level cache disabled
2025-08-07T06:34:52.387Z  INFO 6426 --- [           main] o.s.o.j.p.SpringPersistenceUnitInfo      : No LoadTimeWeaver setup: ignoring JPA class transformer
2025-08-07T06:34:52.388Z  INFO 6426 --- [           main] org.hibernate.orm.connections.pooling    : HHH10001005: Database info:
	Database JDBC URL [Connecting through datasource 'HikariDataSource (HikariPool-3)']
	Database driver: undefined/unknown
	Database version: 2.3.232
	Autocommit mode: undefined/unknown
	Isolation level: undefined/unknown
	Minimum pool size: undefined/unknown
	Maximum pool size: undefined/unknown
2025-08-07T06:34:52.489Z  INFO 6426 --- [           main] o.h.e.t.j.p.i.JtaPlatformInitiator       : HHH000489: No JTA platform available (set 'hibernate.transaction.jta.platform' to enable JTA platform integration)
2025-08-07T06:34:52.491Z  INFO 6426 --- [           main] j.LocalContainerEntityManagerFactoryBean : Initialized JPA EntityManagerFactory for persistence unit 'default'
2025-08-07T06:34:52.592Z  WARN 6426 --- [           main] JpaBaseConfiguration$JpaWebConfiguration : spring.jpa.open-in-view is enabled by default. Therefore, database queries may be performed during view rendering. Explicitly configure spring.jpa.open-in-view to disable this warning
2025-08-07T06:34:52.800Z  INFO 6426 --- [           main] o.s.b.w.embedded.tomcat.TomcatWebServer  : Tomcat started on port 34587 (http) with context path '/'
2025-08-07T06:34:52.803Z  INFO 6426 --- [           main] c.e.e.EmployeeApiIntegrationTest         : Started EmployeeApiIntegrationTest in 1.114 seconds (process running for 9.664)
2025-08-07T06:34:52.892Z  INFO 6426 --- [o-auto-3-exec-1] o.a.c.c.C.[Tomcat].[localhost].[/]       : Initializing Spring DispatcherServlet 'dispatcherServlet'
2025-08-07T06:34:52.892Z  INFO 6426 --- [o-auto-3-exec-1] o.s.web.servlet.DispatcherServlet        : Initializing Servlet 'dispatcherServlet'
2025-08-07T06:34:52.893Z  INFO 6426 --- [o-auto-3-exec-1] o.s.web.servlet.DispatcherServlet        : Completed initialization in 1 ms
2025-08-07T06:34:52.895Z  WARN 6426 --- [o-auto-3-exec-1] .w.s.m.s.DefaultHandlerExceptionResolver : Resolved [org.springframework.http.converter.HttpMessageNotReadableException: Required request body is missing: public com.example.employees.Employee com.example.employees.EmployeeController.addEmployee(com.example.employees.Employee)]
]]></system-out>
  </testcase>
  <testcase name="testCreateEmployee_PartialData" classname="com.example.employees.EmployeeApiIntegrationTest" time="0.115">
    <system-out><![CDATA[2025-08-07T06:34:52.902Z  INFO 6426 --- [           main] o.s.b.w.e.tomcat.GracefulShutdown        : Commencing graceful shutdown. Waiting for active requests to complete
2025-08-07T06:34:52.903Z  INFO 6426 --- [tomcat-shutdown] o.s.b.w.e.tomcat.GracefulShutdown        : Graceful shutdown complete
2025-08-07T06:34:52.986Z  INFO 6426 --- [           main] j.LocalContainerEntityManagerFactoryBean : Closing JPA EntityManagerFactory for persistence unit 'default'
2025-08-07T06:34:52.987Z  INFO 6426 --- [           main] com.zaxxer.hikari.HikariDataSource       : HikariPool-3 - Shutdown initiated...
2025-08-07T06:34:52.988Z  INFO 6426 --- [           main] com.zaxxer.hikari.HikariDataSource       : HikariPool-3 - Shutdown completed.

  .   ____          _            __ _ _
 /\\ / ___'_ __ _ _(_)_ __  __ _ \ \ \ \
( ( )\___ | '_ | '_| | '_ \/ _` | \ \ \ \
 \\/  ___)| |_)| | | | | || (_| |  ) ) ) )
  '  |____| .__|_| |_|_| |_\__, | / / / /
 =========|_|==============|___/=/_/_/_/

 :: Spring Boot ::                (v3.4.0)

2025-08-07T06:34:53.002Z  INFO 6426 --- [           main] c.e.e.EmployeeApiIntegrationTest         : Starting EmployeeApiIntegrationTest using Java 17.0.15 with PID 6426 (/home/daytona/employees/target/test-classes started by daytona in /home/daytona/employees)
2025-08-07T06:34:53.002Z  INFO 6426 --- [           main] c.e.e.EmployeeApiIntegrationTest         : No active profile set, falling back to 1 default profile: "default"
2025-08-07T06:34:53.205Z  INFO 6426 --- [           main] .s.d.r.c.RepositoryConfigurationDelegate : Bootstrapping Spring Data JPA repositories in DEFAULT mode.
2025-08-07T06:34:53.289Z  INFO 6426 --- [           main] .s.d.r.c.RepositoryConfigurationDelegate : Finished Spring Data repository scanning in 2 ms. Found 1 JPA repository interface.
2025-08-07T06:34:53.392Z  INFO 6426 --- [           main] o.s.b.w.embedded.tomcat.TomcatWebServer  : Tomcat initialized with port 0 (http)
2025-08-07T06:34:53.393Z  INFO 6426 --- [           main] o.apache.catalina.core.StandardService   : Starting service [Tomcat]
2025-08-07T06:34:53.393Z  INFO 6426 --- [           main] o.apache.catalina.core.StandardEngine    : Starting Servlet engine: [Apache Tomcat/10.1.33]
2025-08-07T06:34:53.398Z  INFO 6426 --- [           main] o.a.c.c.C.[Tomcat].[localhost].[/]       : Initializing Spring embedded WebApplicationContext
2025-08-07T06:34:53.398Z  INFO 6426 --- [           main] w.s.c.ServletWebServerApplicationContext : Root WebApplicationContext: initialization completed in 395 ms
2025-08-07T06:34:53.407Z  INFO 6426 --- [           main] com.zaxxer.hikari.HikariDataSource       : HikariPool-4 - Starting...
2025-08-07T06:34:53.486Z  INFO 6426 --- [           main] com.zaxxer.hikari.pool.HikariPool        : HikariPool-4 - Added connection conn30: url=jdbc:h2:mem:fc34cc6c-c90b-41ee-bec5-f840fc9efbb9 user=SA
2025-08-07T06:34:53.486Z  INFO 6426 --- [           main] com.zaxxer.hikari.HikariDataSource       : HikariPool-4 - Start completed.
2025-08-07T06:34:53.488Z  INFO 6426 --- [           main] o.hibernate.jpa.internal.util.LogHelper  : HHH000204: Processing PersistenceUnitInfo [name: default]
2025-08-07T06:34:53.490Z  INFO 6426 --- [           main] o.h.c.internal.RegionFactoryInitiator    : HHH000026: Second-level cache disabled
2025-08-07T06:34:53.493Z  INFO 6426 --- [           main] o.s.o.j.p.SpringPersistenceUnitInfo      : No LoadTimeWeaver setup: ignoring JPA class transformer
2025-08-07T06:34:53.494Z  INFO 6426 --- [           main] org.hibernate.orm.connections.pooling    : HHH10001005: Database info:
	Database JDBC URL [Connecting through datasource 'HikariDataSource (HikariPool-4)']
	Database driver: undefined/unknown
	Database version: 2.3.232
	Autocommit mode: undefined/unknown
	Isolation level: undefined/unknown
	Minimum pool size: undefined/unknown
	Maximum pool size: undefined/unknown
2025-08-07T06:34:53.593Z  INFO 6426 --- [           main] o.h.e.t.j.p.i.JtaPlatformInitiator       : HHH000489: No JTA platform available (set 'hibernate.transaction.jta.platform' to enable JTA platform integration)
2025-08-07T06:34:53.595Z  INFO 6426 --- [           main] j.LocalContainerEntityManagerFactoryBean : Initialized JPA EntityManagerFactory for persistence unit 'default'
2025-08-07T06:34:53.692Z  WARN 6426 --- [           main] JpaBaseConfiguration$JpaWebConfiguration : spring.jpa.open-in-view is enabled by default. Therefore, database queries may be performed during view rendering. Explicitly configure spring.jpa.open-in-view to disable this warning
2025-08-07T06:34:53.800Z  INFO 6426 --- [           main] o.s.b.w.embedded.tomcat.TomcatWebServer  : Tomcat started on port 34299 (http) with context path '/'
2025-08-07T06:34:53.801Z  INFO 6426 --- [           main] c.e.e.EmployeeApiIntegrationTest         : Started EmployeeApiIntegrationTest in 0.809 seconds (process running for 10.663)
2025-08-07T06:34:53.889Z  INFO 6426 --- [o-auto-4-exec-1] o.a.c.c.C.[Tomcat].[localhost].[/]       : Initializing Spring DispatcherServlet 'dispatcherServlet'
2025-08-07T06:34:53.889Z  INFO 6426 --- [o-auto-4-exec-1] o.s.web.servlet.DispatcherServlet        : Initializing Servlet 'dispatcherServlet'
2025-08-07T06:34:53.889Z  INFO 6426 --- [o-auto-4-exec-1] o.s.web.servlet.DispatcherServlet        : Completed initialization in 0 ms
]]></system-out>
  </testcase>
  <testcase name="testCreateEmployee_Success" classname="com.example.employees.EmployeeApiIntegrationTest" time="0.1">
    <system-out><![CDATA[2025-08-07T06:34:53.994Z  INFO 6426 --- [           main] o.s.b.w.e.tomcat.GracefulShutdown        : Commencing graceful shutdown. Waiting for active requests to complete
2025-08-07T06:34:53.996Z  INFO 6426 --- [tomcat-shutdown] o.s.b.w.e.tomcat.GracefulShutdown        : Graceful shutdown complete
2025-08-07T06:34:53.997Z  INFO 6426 --- [           main] j.LocalContainerEntityManagerFactoryBean : Closing JPA EntityManagerFactory for persistence unit 'default'
2025-08-07T06:34:54.001Z  INFO 6426 --- [           main] com.zaxxer.hikari.HikariDataSource       : HikariPool-4 - Shutdown initiated...
2025-08-07T06:34:54.018Z  INFO 6426 --- [           main] com.zaxxer.hikari.HikariDataSource       : HikariPool-4 - Shutdown completed.

  .   ____          _            __ _ _
 /\\ / ___'_ __ _ _(_)_ __  __ _ \ \ \ \
( ( )\___ | '_ | '_| | '_ \/ _` | \ \ \ \
 \\/  ___)| |_)| | | | | || (_| |  ) ) ) )
  '  |____| .__|_| |_|_| |_\__, | / / / /
 =========|_|==============|___/=/_/_/_/

 :: Spring Boot ::                (v3.4.0)

2025-08-07T06:34:54.093Z  INFO 6426 --- [           main] c.e.e.EmployeeApiIntegrationTest         : Starting EmployeeApiIntegrationTest using Java 17.0.15 with PID 6426 (/home/daytona/employees/target/test-classes started by daytona in /home/daytona/employees)
2025-08-07T06:34:54.093Z  INFO 6426 --- [           main] c.e.e.EmployeeApiIntegrationTest         : No active profile set, falling back to 1 default profile: "default"
2025-08-07T06:34:54.205Z  INFO 6426 --- [           main] .s.d.r.c.RepositoryConfigurationDelegate : Bootstrapping Spring Data JPA repositories in DEFAULT mode.
2025-08-07T06:34:54.209Z  INFO 6426 --- [           main] .s.d.r.c.RepositoryConfigurationDelegate : Finished Spring Data repository scanning in 2 ms. Found 1 JPA repository interface.
2025-08-07T06:34:54.392Z  INFO 6426 --- [           main] o.s.b.w.embedded.tomcat.TomcatWebServer  : Tomcat initialized with port 0 (http)
2025-08-07T06:34:54.393Z  INFO 6426 --- [           main] o.apache.catalina.core.StandardService   : Starting service [Tomcat]
2025-08-07T06:34:54.393Z  INFO 6426 --- [           main] o.apache.catalina.core.StandardEngine    : Starting Servlet engine: [Apache Tomcat/10.1.33]
2025-08-07T06:34:54.399Z  INFO 6426 --- [           main] o.a.c.c.C.[Tomcat].[localhost].[/]       : Initializing Spring embedded WebApplicationContext
2025-08-07T06:34:54.400Z  INFO 6426 --- [           main] w.s.c.ServletWebServerApplicationContext : Root WebApplicationContext: initialization completed in 306 ms
2025-08-07T06:34:54.486Z  INFO 6426 --- [           main] com.zaxxer.hikari.HikariDataSource       : HikariPool-5 - Starting...
2025-08-07T06:34:54.488Z  INFO 6426 --- [           main] com.zaxxer.hikari.pool.HikariPool        : HikariPool-5 - Added connection conn40: url=jdbc:h2:mem:dee01910-5341-4cb5-ae21-63385208e11c user=SA
2025-08-07T06:34:54.489Z  INFO 6426 --- [           main] com.zaxxer.hikari.HikariDataSource       : HikariPool-5 - Start completed.
2025-08-07T06:34:54.491Z  INFO 6426 --- [           main] o.hibernate.jpa.internal.util.LogHelper  : HHH000204: Processing PersistenceUnitInfo [name: default]
2025-08-07T06:34:54.492Z  INFO 6426 --- [           main] o.h.c.internal.RegionFactoryInitiator    : HHH000026: Second-level cache disabled
2025-08-07T06:34:54.497Z  INFO 6426 --- [           main] o.s.o.j.p.SpringPersistenceUnitInfo      : No LoadTimeWeaver setup: ignoring JPA class transformer
2025-08-07T06:34:54.498Z  INFO 6426 --- [           main] org.hibernate.orm.connections.pooling    : HHH10001005: Database info:
	Database JDBC URL [Connecting through datasource 'HikariDataSource (HikariPool-5)']
	Database driver: undefined/unknown
	Database version: 2.3.232
	Autocommit mode: undefined/unknown
	Isolation level: undefined/unknown
	Minimum pool size: undefined/unknown
	Maximum pool size: undefined/unknown
2025-08-07T06:34:54.598Z  INFO 6426 --- [           main] o.h.e.t.j.p.i.JtaPlatformInitiator       : HHH000489: No JTA platform available (set 'hibernate.transaction.jta.platform' to enable JTA platform integration)
2025-08-07T06:34:54.600Z  INFO 6426 --- [           main] j.LocalContainerEntityManagerFactoryBean : Initialized JPA EntityManagerFactory for persistence unit 'default'
2025-08-07T06:34:54.693Z  WARN 6426 --- [           main] JpaBaseConfiguration$JpaWebConfiguration : spring.jpa.open-in-view is enabled by default. Therefore, database queries may be performed during view rendering. Explicitly configure spring.jpa.open-in-view to disable this warning
2025-08-07T06:34:54.889Z  INFO 6426 --- [           main] o.s.b.w.embedded.tomcat.TomcatWebServer  : Tomcat started on port 36177 (http) with context path '/'
2025-08-07T06:34:54.891Z  INFO 6426 --- [           main] c.e.e.EmployeeApiIntegrationTest         : Started EmployeeApiIntegrationTest in 0.868 seconds (process running for 11.752)
2025-08-07T06:34:54.903Z  INFO 6426 --- [o-auto-5-exec-1] o.a.c.c.C.[Tomcat].[localhost].[/]       : Initializing Spring DispatcherServlet 'dispatcherServlet'
2025-08-07T06:34:54.903Z  INFO 6426 --- [o-auto-5-exec-1] o.s.web.servlet.DispatcherServlet        : Initializing Servlet 'dispatcherServlet'
2025-08-07T06:34:54.903Z  INFO 6426 --- [o-auto-5-exec-1] o.s.web.servlet.DispatcherServlet        : Completed initialization in 0 ms
]]></system-out>
  </testcase>
  <testcase name="testCreateEmployee_WithAllFields" classname="com.example.employees.EmployeeApiIntegrationTest" time="0.35">
    <system-out><![CDATA[2025-08-07T06:34:55.001Z  INFO 6426 --- [           main] o.s.b.w.e.tomcat.GracefulShutdown        : Commencing graceful shutdown. Waiting for active requests to complete
2025-08-07T06:34:55.002Z  INFO 6426 --- [tomcat-shutdown] o.s.b.w.e.tomcat.GracefulShutdown        : Graceful shutdown complete
2025-08-07T06:34:55.003Z  INFO 6426 --- [           main] j.LocalContainerEntityManagerFactoryBean : Closing JPA EntityManagerFactory for persistence unit 'default'
2025-08-07T06:34:55.003Z  INFO 6426 --- [           main] com.zaxxer.hikari.HikariDataSource       : HikariPool-5 - Shutdown initiated...
2025-08-07T06:34:55.016Z  INFO 6426 --- [           main] com.zaxxer.hikari.HikariDataSource       : HikariPool-5 - Shutdown completed.

  .   ____          _            __ _ _
 /\\ / ___'_ __ _ _(_)_ __  __ _ \ \ \ \
( ( )\___ | '_ | '_| | '_ \/ _` | \ \ \ \
 \\/  ___)| |_)| | | | | || (_| |  ) ) ) )
  '  |____| .__|_| |_|_| |_\__, | / / / /
 =========|_|==============|___/=/_/_/_/

 :: Spring Boot ::                (v3.4.0)

2025-08-07T06:34:55.090Z  INFO 6426 --- [           main] c.e.e.EmployeeApiIntegrationTest         : Starting EmployeeApiIntegrationTest using Java 17.0.15 with PID 6426 (/home/daytona/employees/target/test-classes started by daytona in /home/daytona/employees)
2025-08-07T06:34:55.091Z  INFO 6426 --- [           main] c.e.e.EmployeeApiIntegrationTest         : No active profile set, falling back to 1 default profile: "default"
2025-08-07T06:34:55.192Z  INFO 6426 --- [           main] .s.d.r.c.RepositoryConfigurationDelegate : Bootstrapping Spring Data JPA repositories in DEFAULT mode.
2025-08-07T06:34:55.196Z  INFO 6426 --- [           main] .s.d.r.c.RepositoryConfigurationDelegate : Finished Spring Data repository scanning in 3 ms. Found 1 JPA repository interface.
2025-08-07T06:34:55.296Z  INFO 6426 --- [           main] o.s.b.w.embedded.tomcat.TomcatWebServer  : Tomcat initialized with port 0 (http)
2025-08-07T06:34:55.297Z  INFO 6426 --- [           main] o.apache.catalina.core.StandardService   : Starting service [Tomcat]
2025-08-07T06:34:55.297Z  INFO 6426 --- [           main] o.apache.catalina.core.StandardEngine    : Starting Servlet engine: [Apache Tomcat/10.1.33]
2025-08-07T06:34:55.303Z  INFO 6426 --- [           main] o.a.c.c.C.[Tomcat].[localhost].[/]       : Initializing Spring embedded WebApplicationContext
2025-08-07T06:34:55.304Z  INFO 6426 --- [           main] w.s.c.ServletWebServerApplicationContext : Root WebApplicationContext: initialization completed in 213 ms
2025-08-07T06:34:55.390Z  INFO 6426 --- [           main] com.zaxxer.hikari.HikariDataSource       : HikariPool-6 - Starting...
2025-08-07T06:34:55.392Z  INFO 6426 --- [           main] com.zaxxer.hikari.pool.HikariPool        : HikariPool-6 - Added connection conn48: url=jdbc:h2:mem:70c7e817-378d-4261-9292-b1dc7b461c89 user=SA
2025-08-07T06:34:55.392Z  INFO 6426 --- [           main] com.zaxxer.hikari.HikariDataSource       : HikariPool-6 - Start completed.
2025-08-07T06:34:55.394Z  INFO 6426 --- [           main] o.hibernate.jpa.internal.util.LogHelper  : HHH000204: Processing PersistenceUnitInfo [name: default]
2025-08-07T06:34:55.396Z  INFO 6426 --- [           main] o.h.c.internal.RegionFactoryInitiator    : HHH000026: Second-level cache disabled
2025-08-07T06:34:55.400Z  INFO 6426 --- [           main] o.s.o.j.p.SpringPersistenceUnitInfo      : No LoadTimeWeaver setup: ignoring JPA class transformer
2025-08-07T06:34:55.401Z  INFO 6426 --- [           main] org.hibernate.orm.connections.pooling    : HHH10001005: Database info:
	Database JDBC URL [Connecting through datasource 'HikariDataSource (HikariPool-6)']
	Database driver: undefined/unknown
	Database version: 2.3.232
	Autocommit mode: undefined/unknown
	Isolation level: undefined/unknown
	Minimum pool size: undefined/unknown
	Maximum pool size: undefined/unknown
2025-08-07T06:34:55.492Z  INFO 6426 --- [           main] o.h.e.t.j.p.i.JtaPlatformInitiator       : HHH000489: No JTA platform available (set 'hibernate.transaction.jta.platform' to enable JTA platform integration)
2025-08-07T06:34:55.494Z  INFO 6426 --- [           main] j.LocalContainerEntityManagerFactoryBean : Initialized JPA EntityManagerFactory for persistence unit 'default'
2025-08-07T06:34:55.508Z  WARN 6426 --- [           main] JpaBaseConfiguration$JpaWebConfiguration : spring.jpa.open-in-view is enabled by default. Therefore, database queries may be performed during view rendering. Explicitly configure spring.jpa.open-in-view to disable this warning
2025-08-07T06:34:55.636Z  INFO 6426 --- [           main] o.s.b.w.embedded.tomcat.TomcatWebServer  : Tomcat started on port 36093 (http) with context path '/'
2025-08-07T06:34:55.640Z  INFO 6426 --- [           main] c.e.e.EmployeeApiIntegrationTest         : Started EmployeeApiIntegrationTest in 0.62 seconds (process running for 12.501)
2025-08-07T06:34:55.658Z  INFO 6426 --- [o-auto-6-exec-1] o.a.c.c.C.[Tomcat].[localhost].[/]       : Initializing Spring DispatcherServlet 'dispatcherServlet'
2025-08-07T06:34:55.658Z  INFO 6426 --- [o-auto-6-exec-1] o.s.web.servlet.DispatcherServlet        : Initializing Servlet 'dispatcherServlet'
2025-08-07T06:34:55.659Z  INFO 6426 --- [o-auto-6-exec-1] o.s.web.servlet.DispatcherServlet        : Completed initialization in 1 ms
]]></system-out>
  </testcase>
  <testcase name="testDeleteEmployee_InvalidId" classname="com.example.employees.EmployeeApiIntegrationTest" time="0.009">
    <system-out><![CDATA[2025-08-07T06:34:56.003Z  INFO 6426 --- [           main] o.s.b.w.e.tomcat.GracefulShutdown        : Commencing graceful shutdown. Waiting for active requests to complete
2025-08-07T06:34:56.004Z  INFO 6426 --- [tomcat-shutdown] o.s.b.w.e.tomcat.GracefulShutdown        : Graceful shutdown complete
2025-08-07T06:34:56.005Z  INFO 6426 --- [           main] j.LocalContainerEntityManagerFactoryBean : Closing JPA EntityManagerFactory for persistence unit 'default'
2025-08-07T06:34:56.006Z  INFO 6426 --- [           main] com.zaxxer.hikari.HikariDataSource       : HikariPool-6 - Shutdown initiated...
2025-08-07T06:34:56.007Z  INFO 6426 --- [           main] com.zaxxer.hikari.HikariDataSource       : HikariPool-6 - Shutdown completed.

  .   ____          _            __ _ _
 /\\ / ___'_ __ _ _(_)_ __  __ _ \ \ \ \
( ( )\___ | '_ | '_| | '_ \/ _` | \ \ \ \
 \\/  ___)| |_)| | | | | || (_| |  ) ) ) )
  '  |____| .__|_| |_|_| |_\__, | / / / /
 =========|_|==============|___/=/_/_/_/

 :: Spring Boot ::                (v3.4.0)

2025-08-07T06:34:56.016Z  INFO 6426 --- [           main] c.e.e.EmployeeApiIntegrationTest         : Starting EmployeeApiIntegrationTest using Java 17.0.15 with PID 6426 (/home/daytona/employees/target/test-classes started by daytona in /home/daytona/employees)
2025-08-07T06:34:56.016Z  INFO 6426 --- [           main] c.e.e.EmployeeApiIntegrationTest         : No active profile set, falling back to 1 default profile: "default"
2025-08-07T06:34:56.190Z  INFO 6426 --- [           main] .s.d.r.c.RepositoryConfigurationDelegate : Bootstrapping Spring Data JPA repositories in DEFAULT mode.
2025-08-07T06:34:56.193Z  INFO 6426 --- [           main] .s.d.r.c.RepositoryConfigurationDelegate : Finished Spring Data repository scanning in 2 ms. Found 1 JPA repository interface.
2025-08-07T06:34:56.214Z  INFO 6426 --- [           main] o.s.b.w.embedded.tomcat.TomcatWebServer  : Tomcat initialized with port 0 (http)
2025-08-07T06:34:56.214Z  INFO 6426 --- [           main] o.apache.catalina.core.StandardService   : Starting service [Tomcat]
2025-08-07T06:34:56.215Z  INFO 6426 --- [           main] o.apache.catalina.core.StandardEngine    : Starting Servlet engine: [Apache Tomcat/10.1.33]
2025-08-07T06:34:56.287Z  INFO 6426 --- [           main] o.a.c.c.C.[Tomcat].[localhost].[/]       : Initializing Spring embedded WebApplicationContext
2025-08-07T06:34:56.287Z  INFO 6426 --- [           main] w.s.c.ServletWebServerApplicationContext : Root WebApplicationContext: initialization completed in 270 ms
2025-08-07T06:34:56.299Z  INFO 6426 --- [           main] com.zaxxer.hikari.HikariDataSource       : HikariPool-7 - Starting...
2025-08-07T06:34:56.300Z  INFO 6426 --- [           main] com.zaxxer.hikari.pool.HikariPool        : HikariPool-7 - Added connection conn58: url=jdbc:h2:mem:219b53f5-8cb8-45d5-a50e-03988b473a95 user=SA
2025-08-07T06:34:56.301Z  INFO 6426 --- [           main] com.zaxxer.hikari.HikariDataSource       : HikariPool-7 - Start completed.
2025-08-07T06:34:56.303Z  INFO 6426 --- [           main] o.hibernate.jpa.internal.util.LogHelper  : HHH000204: Processing PersistenceUnitInfo [name: default]
2025-08-07T06:34:56.304Z  INFO 6426 --- [           main] o.h.c.internal.RegionFactoryInitiator    : HHH000026: Second-level cache disabled
2025-08-07T06:34:56.308Z  INFO 6426 --- [           main] o.s.o.j.p.SpringPersistenceUnitInfo      : No LoadTimeWeaver setup: ignoring JPA class transformer
2025-08-07T06:34:56.309Z  INFO 6426 --- [           main] org.hibernate.orm.connections.pooling    : HHH10001005: Database info:
	Database JDBC URL [Connecting through datasource 'HikariDataSource (HikariPool-7)']
	Database driver: undefined/unknown
	Database version: 2.3.232
	Autocommit mode: undefined/unknown
	Isolation level: undefined/unknown
	Minimum pool size: undefined/unknown
	Maximum pool size: undefined/unknown
2025-08-07T06:34:56.400Z  INFO 6426 --- [           main] o.h.e.t.j.p.i.JtaPlatformInitiator       : HHH000489: No JTA platform available (set 'hibernate.transaction.jta.platform' to enable JTA platform integration)
2025-08-07T06:34:56.401Z  INFO 6426 --- [           main] j.LocalContainerEntityManagerFactoryBean : Initialized JPA EntityManagerFactory for persistence unit 'default'
2025-08-07T06:34:56.488Z  WARN 6426 --- [           main] JpaBaseConfiguration$JpaWebConfiguration : spring.jpa.open-in-view is enabled by default. Therefore, database queries may be performed during view rendering. Explicitly configure spring.jpa.open-in-view to disable this warning
2025-08-07T06:34:56.516Z  INFO 6426 --- [           main] o.s.b.w.embedded.tomcat.TomcatWebServer  : Tomcat started on port 45229 (http) with context path '/'
2025-08-07T06:34:56.517Z  INFO 6426 --- [           main] c.e.e.EmployeeApiIntegrationTest         : Started EmployeeApiIntegrationTest in 0.508 seconds (process running for 13.378)
2025-08-07T06:34:56.523Z  INFO 6426 --- [o-auto-7-exec-1] o.a.c.c.C.[Tomcat].[localhost].[/]       : Initializing Spring DispatcherServlet 'dispatcherServlet'
2025-08-07T06:34:56.523Z  INFO 6426 --- [o-auto-7-exec-1] o.s.web.servlet.DispatcherServlet        : Initializing Servlet 'dispatcherServlet'
2025-08-07T06:34:56.524Z  INFO 6426 --- [o-auto-7-exec-1] o.s.web.servlet.DispatcherServlet        : Completed initialization in 1 ms
2025-08-07T06:34:56.527Z  WARN 6426 --- [o-auto-7-exec-1] .w.s.m.s.DefaultHandlerExceptionResolver : Resolved [org.springframework.web.method.annotation.MethodArgumentTypeMismatchException: Method parameter 'id': Failed to convert value of type 'java.lang.String' to required type 'java.lang.Long'; For input string: "invalid"]
]]></system-out>
  </testcase>
  <testcase name="testDeleteEmployee_NotFound" classname="com.example.employees.EmployeeApiIntegrationTest" time="0.016">
    <system-out><![CDATA[2025-08-07T06:34:56.588Z  INFO 6426 --- [           main] o.s.b.w.e.tomcat.GracefulShutdown        : Commencing graceful shutdown. Waiting for active requests to complete
2025-08-07T06:34:56.588Z  INFO 6426 --- [tomcat-shutdown] o.s.b.w.e.tomcat.GracefulShutdown        : Graceful shutdown complete
2025-08-07T06:34:56.589Z  INFO 6426 --- [           main] j.LocalContainerEntityManagerFactoryBean : Closing JPA EntityManagerFactory for persistence unit 'default'
2025-08-07T06:34:56.590Z  INFO 6426 --- [           main] com.zaxxer.hikari.HikariDataSource       : HikariPool-7 - Shutdown initiated...
2025-08-07T06:34:56.616Z  INFO 6426 --- [           main] com.zaxxer.hikari.HikariDataSource       : HikariPool-7 - Shutdown completed.

  .   ____          _            __ _ _
 /\\ / ___'_ __ _ _(_)_ __  __ _ \ \ \ \
( ( )\___ | '_ | '_| | '_ \/ _` | \ \ \ \
 \\/  ___)| |_)| | | | | || (_| |  ) ) ) )
  '  |____| .__|_| |_|_| |_\__, | / / / /
 =========|_|==============|___/=/_/_/_/

 :: Spring Boot ::                (v3.4.0)

2025-08-07T06:34:56.625Z  INFO 6426 --- [           main] c.e.e.EmployeeApiIntegrationTest         : Starting EmployeeApiIntegrationTest using Java 17.0.15 with PID 6426 (/home/daytona/employees/target/test-classes started by daytona in /home/daytona/employees)
2025-08-07T06:34:56.626Z  INFO 6426 --- [           main] c.e.e.EmployeeApiIntegrationTest         : No active profile set, falling back to 1 default profile: "default"
2025-08-07T06:34:56.686Z  INFO 6426 --- [           main] .s.d.r.c.RepositoryConfigurationDelegate : Bootstrapping Spring Data JPA repositories in DEFAULT mode.
2025-08-07T06:34:56.689Z  INFO 6426 --- [           main] .s.d.r.c.RepositoryConfigurationDelegate : Finished Spring Data repository scanning in 2 ms. Found 1 JPA repository interface.
2025-08-07T06:34:56.709Z  INFO 6426 --- [           main] o.s.b.w.embedded.tomcat.TomcatWebServer  : Tomcat initialized with port 0 (http)
2025-08-07T06:34:56.709Z  INFO 6426 --- [           main] o.apache.catalina.core.StandardService   : Starting service [Tomcat]
2025-08-07T06:34:56.709Z  INFO 6426 --- [           main] o.apache.catalina.core.StandardEngine    : Starting Servlet engine: [Apache Tomcat/10.1.33]
2025-08-07T06:34:56.715Z  INFO 6426 --- [           main] o.a.c.c.C.[Tomcat].[localhost].[/]       : Initializing Spring embedded WebApplicationContext
2025-08-07T06:34:56.715Z  INFO 6426 --- [           main] w.s.c.ServletWebServerApplicationContext : Root WebApplicationContext: initialization completed in 89 ms
2025-08-07T06:34:56.785Z  INFO 6426 --- [           main] com.zaxxer.hikari.HikariDataSource       : HikariPool-8 - Starting...
2025-08-07T06:34:56.788Z  INFO 6426 --- [           main] com.zaxxer.hikari.pool.HikariPool        : HikariPool-8 - Added connection conn64: url=jdbc:h2:mem:0d5b9af8-d235-44aa-b9f7-36a383cf3de6 user=SA
2025-08-07T06:34:56.788Z  INFO 6426 --- [           main] com.zaxxer.hikari.HikariDataSource       : HikariPool-8 - Start completed.
2025-08-07T06:34:56.791Z  INFO 6426 --- [           main] o.hibernate.jpa.internal.util.LogHelper  : HHH000204: Processing PersistenceUnitInfo [name: default]
2025-08-07T06:34:56.792Z  INFO 6426 --- [           main] o.h.c.internal.RegionFactoryInitiator    : HHH000026: Second-level cache disabled
2025-08-07T06:34:56.796Z  INFO 6426 --- [           main] o.s.o.j.p.SpringPersistenceUnitInfo      : No LoadTimeWeaver setup: ignoring JPA class transformer
2025-08-07T06:34:56.797Z  INFO 6426 --- [           main] org.hibernate.orm.connections.pooling    : HHH10001005: Database info:
	Database JDBC URL [Connecting through datasource 'HikariDataSource (HikariPool-8)']
	Database driver: undefined/unknown
	Database version: 2.3.232
	Autocommit mode: undefined/unknown
	Isolation level: undefined/unknown
	Minimum pool size: undefined/unknown
	Maximum pool size: undefined/unknown
2025-08-07T06:34:56.899Z  INFO 6426 --- [           main] o.h.e.t.j.p.i.JtaPlatformInitiator       : HHH000489: No JTA platform available (set 'hibernate.transaction.jta.platform' to enable JTA platform integration)
2025-08-07T06:34:56.901Z  INFO 6426 --- [           main] j.LocalContainerEntityManagerFactoryBean : Initialized JPA EntityManagerFactory for persistence unit 'default'
2025-08-07T06:34:56.914Z  WARN 6426 --- [           main] JpaBaseConfiguration$JpaWebConfiguration : spring.jpa.open-in-view is enabled by default. Therefore, database queries may be performed during view rendering. Explicitly configure spring.jpa.open-in-view to disable this warning
2025-08-07T06:34:57.007Z  INFO 6426 --- [           main] o.s.b.w.embedded.tomcat.TomcatWebServer  : Tomcat started on port 42985 (http) with context path '/'
2025-08-07T06:34:57.010Z  INFO 6426 --- [           main] c.e.e.EmployeeApiIntegrationTest         : Started EmployeeApiIntegrationTest in 0.392 seconds (process running for 13.871)
2025-08-07T06:34:57.025Z  INFO 6426 --- [o-auto-8-exec-1] o.a.c.c.C.[Tomcat].[localhost].[/]       : Initializing Spring DispatcherServlet 'dispatcherServlet'
2025-08-07T06:34:57.025Z  INFO 6426 --- [o-auto-8-exec-1] o.s.web.servlet.DispatcherServlet        : Initializing Servlet 'dispatcherServlet'
2025-08-07T06:34:57.025Z  INFO 6426 --- [o-auto-8-exec-1] o.s.web.servlet.DispatcherServlet        : Completed initialization in 0 ms
]]></system-out>
  </testcase>
  <testcase name="testDeleteEmployee_Success" classname="com.example.employees.EmployeeApiIntegrationTest" time="0.101">
    <system-out><![CDATA[2025-08-07T06:34:57.041Z  INFO 6426 --- [           main] o.s.b.w.e.tomcat.GracefulShutdown        : Commencing graceful shutdown. Waiting for active requests to complete
2025-08-07T06:34:57.042Z  INFO 6426 --- [tomcat-shutdown] o.s.b.w.e.tomcat.GracefulShutdown        : Graceful shutdown complete
2025-08-07T06:34:57.043Z  INFO 6426 --- [           main] j.LocalContainerEntityManagerFactoryBean : Closing JPA EntityManagerFactory for persistence unit 'default'
2025-08-07T06:34:57.044Z  INFO 6426 --- [           main] com.zaxxer.hikari.HikariDataSource       : HikariPool-8 - Shutdown initiated...
2025-08-07T06:34:57.047Z  INFO 6426 --- [           main] com.zaxxer.hikari.HikariDataSource       : HikariPool-8 - Shutdown completed.

  .   ____          _            __ _ _
 /\\ / ___'_ __ _ _(_)_ __  __ _ \ \ \ \
( ( )\___ | '_ | '_| | '_ \/ _` | \ \ \ \
 \\/  ___)| |_)| | | | | || (_| |  ) ) ) )
  '  |____| .__|_| |_|_| |_\__, | / / / /
 =========|_|==============|___/=/_/_/_/

 :: Spring Boot ::                (v3.4.0)

2025-08-07T06:34:57.086Z  INFO 6426 --- [           main] c.e.e.EmployeeApiIntegrationTest         : Starting EmployeeApiIntegrationTest using Java 17.0.15 with PID 6426 (/home/daytona/employees/target/test-classes started by daytona in /home/daytona/employees)
2025-08-07T06:34:57.086Z  INFO 6426 --- [           main] c.e.e.EmployeeApiIntegrationTest         : No active profile set, falling back to 1 default profile: "default"
2025-08-07T06:34:57.125Z  INFO 6426 --- [           main] .s.d.r.c.RepositoryConfigurationDelegate : Bootstrapping Spring Data JPA repositories in DEFAULT mode.
2025-08-07T06:34:57.128Z  INFO 6426 --- [           main] .s.d.r.c.RepositoryConfigurationDelegate : Finished Spring Data repository scanning in 2 ms. Found 1 JPA repository interface.
2025-08-07T06:34:57.197Z  INFO 6426 --- [           main] o.s.b.w.embedded.tomcat.TomcatWebServer  : Tomcat initialized with port 0 (http)
2025-08-07T06:34:57.198Z  INFO 6426 --- [           main] o.apache.catalina.core.StandardService   : Starting service [Tomcat]
2025-08-07T06:34:57.198Z  INFO 6426 --- [           main] o.apache.catalina.core.StandardEngine    : Starting Servlet engine: [Apache Tomcat/10.1.33]
2025-08-07T06:34:57.204Z  INFO 6426 --- [           main] o.a.c.c.C.[Tomcat].[localhost].[/]       : Initializing Spring embedded WebApplicationContext
2025-08-07T06:34:57.204Z  INFO 6426 --- [           main] w.s.c.ServletWebServerApplicationContext : Root WebApplicationContext: initialization completed in 117 ms
2025-08-07T06:34:57.212Z  INFO 6426 --- [           main] com.zaxxer.hikari.HikariDataSource       : HikariPool-9 - Starting...
2025-08-07T06:34:57.214Z  INFO 6426 --- [           main] com.zaxxer.hikari.pool.HikariPool        : HikariPool-9 - Added connection conn70: url=jdbc:h2:mem:82399480-4f85-4aa8-8751-f31fef9e7e1c user=SA
2025-08-07T06:34:57.214Z  INFO 6426 --- [           main] com.zaxxer.hikari.HikariDataSource       : HikariPool-9 - Start completed.
2025-08-07T06:34:57.215Z  INFO 6426 --- [           main] o.hibernate.jpa.internal.util.LogHelper  : HHH000204: Processing PersistenceUnitInfo [name: default]
2025-08-07T06:34:57.216Z  INFO 6426 --- [           main] o.h.c.internal.RegionFactoryInitiator    : HHH000026: Second-level cache disabled
2025-08-07T06:34:57.287Z  INFO 6426 --- [           main] o.s.o.j.p.SpringPersistenceUnitInfo      : No LoadTimeWeaver setup: ignoring JPA class transformer
2025-08-07T06:34:57.288Z  INFO 6426 --- [           main] org.hibernate.orm.connections.pooling    : HHH10001005: Database info:
	Database JDBC URL [Connecting through datasource 'HikariDataSource (HikariPool-9)']
	Database driver: undefined/unknown
	Database version: 2.3.232
	Autocommit mode: undefined/unknown
	Isolation level: undefined/unknown
	Minimum pool size: undefined/unknown
	Maximum pool size: undefined/unknown
2025-08-07T06:34:57.306Z  INFO 6426 --- [           main] o.h.e.t.j.p.i.JtaPlatformInitiator       : HHH000489: No JTA platform available (set 'hibernate.transaction.jta.platform' to enable JTA platform integration)
2025-08-07T06:34:57.308Z  INFO 6426 --- [           main] j.LocalContainerEntityManagerFactoryBean : Initialized JPA EntityManagerFactory for persistence unit 'default'
2025-08-07T06:34:57.397Z  WARN 6426 --- [           main] JpaBaseConfiguration$JpaWebConfiguration : spring.jpa.open-in-view is enabled by default. Therefore, database queries may be performed during view rendering. Explicitly configure spring.jpa.open-in-view to disable this warning
2025-08-07T06:34:57.496Z  INFO 6426 --- [           main] o.s.b.w.embedded.tomcat.TomcatWebServer  : Tomcat started on port 34161 (http) with context path '/'
2025-08-07T06:34:57.498Z  INFO 6426 --- [           main] c.e.e.EmployeeApiIntegrationTest         : Started EmployeeApiIntegrationTest in 0.448 seconds (process running for 14.359)
2025-08-07T06:34:57.596Z  INFO 6426 --- [o-auto-9-exec-1] o.a.c.c.C.[Tomcat].[localhost].[/]       : Initializing Spring DispatcherServlet 'dispatcherServlet'
2025-08-07T06:34:57.596Z  INFO 6426 --- [o-auto-9-exec-1] o.s.web.servlet.DispatcherServlet        : Initializing Servlet 'dispatcherServlet'
2025-08-07T06:34:57.597Z  INFO 6426 --- [o-auto-9-exec-1] o.s.web.servlet.DispatcherServlet        : Completed initialization in 1 ms
]]></system-out>
  </testcase>
  <testcase name="testDeleteEmployee_VerifyOtherEmployeesUnaffected" classname="com.example.employees.EmployeeApiIntegrationTest" time="0.027">
    <system-out><![CDATA[2025-08-07T06:34:57.607Z  INFO 6426 --- [           main] o.s.b.w.e.tomcat.GracefulShutdown        : Commencing graceful shutdown. Waiting for active requests to complete
2025-08-07T06:34:57.608Z  INFO 6426 --- [tomcat-shutdown] o.s.b.w.e.tomcat.GracefulShutdown        : Graceful shutdown complete
2025-08-07T06:34:57.609Z  INFO 6426 --- [           main] j.LocalContainerEntityManagerFactoryBean : Closing JPA EntityManagerFactory for persistence unit 'default'
2025-08-07T06:34:57.610Z  INFO 6426 --- [           main] com.zaxxer.hikari.HikariDataSource       : HikariPool-9 - Shutdown initiated...
2025-08-07T06:34:57.686Z  INFO 6426 --- [           main] com.zaxxer.hikari.HikariDataSource       : HikariPool-9 - Shutdown completed.

  .   ____          _            __ _ _
 /\\ / ___'_ __ _ _(_)_ __  __ _ \ \ \ \
( ( )\___ | '_ | '_| | '_ \/ _` | \ \ \ \
 \\/  ___)| |_)| | | | | || (_| |  ) ) ) )
  '  |____| .__|_| |_|_| |_\__, | / / / /
 =========|_|==============|___/=/_/_/_/

 :: Spring Boot ::                (v3.4.0)

2025-08-07T06:34:57.694Z  INFO 6426 --- [           main] c.e.e.EmployeeApiIntegrationTest         : Starting EmployeeApiIntegrationTest using Java 17.0.15 with PID 6426 (/home/daytona/employees/target/test-classes started by daytona in /home/daytona/employees)
2025-08-07T06:34:57.694Z  INFO 6426 --- [           main] c.e.e.EmployeeApiIntegrationTest         : No active profile set, falling back to 1 default profile: "default"
2025-08-07T06:34:57.799Z  INFO 6426 --- [           main] .s.d.r.c.RepositoryConfigurationDelegate : Bootstrapping Spring Data JPA repositories in DEFAULT mode.
2025-08-07T06:34:57.801Z  INFO 6426 --- [           main] .s.d.r.c.RepositoryConfigurationDelegate : Finished Spring Data repository scanning in 1 ms. Found 1 JPA repository interface.
2025-08-07T06:34:57.889Z  INFO 6426 --- [           main] o.s.b.w.embedded.tomcat.TomcatWebServer  : Tomcat initialized with port 0 (http)
2025-08-07T06:34:57.890Z  INFO 6426 --- [           main] o.apache.catalina.core.StandardService   : Starting service [Tomcat]
2025-08-07T06:34:57.890Z  INFO 6426 --- [           main] o.apache.catalina.core.StandardEngine    : Starting Servlet engine: [Apache Tomcat/10.1.33]
2025-08-07T06:34:57.895Z  INFO 6426 --- [           main] o.a.c.c.C.[Tomcat].[localhost].[/]       : Initializing Spring embedded WebApplicationContext
2025-08-07T06:34:57.895Z  INFO 6426 --- [           main] w.s.c.ServletWebServerApplicationContext : Root WebApplicationContext: initialization completed in 200 ms
2025-08-07T06:34:57.902Z  INFO 6426 --- [           main] com.zaxxer.hikari.HikariDataSource       : HikariPool-10 - Starting...
2025-08-07T06:34:57.903Z  INFO 6426 --- [           main] com.zaxxer.hikari.pool.HikariPool        : HikariPool-10 - Added connection conn76: url=jdbc:h2:mem:ff3301e8-aa31-44b3-a8c6-a99a14e3c692 user=SA
2025-08-07T06:34:57.903Z  INFO 6426 --- [           main] com.zaxxer.hikari.HikariDataSource       : HikariPool-10 - Start completed.
2025-08-07T06:34:57.904Z  INFO 6426 --- [           main] o.hibernate.jpa.internal.util.LogHelper  : HHH000204: Processing PersistenceUnitInfo [name: default]
2025-08-07T06:34:57.905Z  INFO 6426 --- [           main] o.h.c.internal.RegionFactoryInitiator    : HHH000026: Second-level cache disabled
2025-08-07T06:34:57.908Z  INFO 6426 --- [           main] o.s.o.j.p.SpringPersistenceUnitInfo      : No LoadTimeWeaver setup: ignoring JPA class transformer
2025-08-07T06:34:57.909Z  INFO 6426 --- [           main] org.hibernate.orm.connections.pooling    : HHH10001005: Database info:
	Database JDBC URL [Connecting through datasource 'HikariDataSource (HikariPool-10)']
	Database driver: undefined/unknown
	Database version: 2.3.232
	Autocommit mode: undefined/unknown
	Isolation level: undefined/unknown
	Minimum pool size: undefined/unknown
	Maximum pool size: undefined/unknown
2025-08-07T06:34:57.922Z  INFO 6426 --- [           main] o.h.e.t.j.p.i.JtaPlatformInitiator       : HHH000489: No JTA platform available (set 'hibernate.transaction.jta.platform' to enable JTA platform integration)
2025-08-07T06:34:57.923Z  INFO 6426 --- [           main] j.LocalContainerEntityManagerFactoryBean : Initialized JPA EntityManagerFactory for persistence unit 'default'
2025-08-07T06:34:58.001Z  WARN 6426 --- [           main] JpaBaseConfiguration$JpaWebConfiguration : spring.jpa.open-in-view is enabled by default. Therefore, database queries may be performed during view rendering. Explicitly configure spring.jpa.open-in-view to disable this warning
2025-08-07T06:34:58.063Z  INFO 6426 --- [           main] o.s.b.w.embedded.tomcat.TomcatWebServer  : Tomcat started on port 36733 (http) with context path '/'
2025-08-07T06:34:58.065Z  INFO 6426 --- [           main] c.e.e.EmployeeApiIntegrationTest         : Started EmployeeApiIntegrationTest in 0.377 seconds (process running for 14.927)
2025-08-07T06:34:58.093Z  INFO 6426 --- [-auto-10-exec-1] o.a.c.c.C.[Tomcat].[localhost].[/]       : Initializing Spring DispatcherServlet 'dispatcherServlet'
2025-08-07T06:34:58.093Z  INFO 6426 --- [-auto-10-exec-1] o.s.web.servlet.DispatcherServlet        : Initializing Servlet 'dispatcherServlet'
2025-08-07T06:34:58.094Z  INFO 6426 --- [-auto-10-exec-1] o.s.web.servlet.DispatcherServlet        : Completed initialization in 1 ms
]]></system-out>
  </testcase>
  <testcase name="testFullCrudWorkflow" classname="com.example.employees.EmployeeApiIntegrationTest" time="0.032">
    <system-out><![CDATA[2025-08-07T06:34:58.114Z  INFO 6426 --- [           main] o.s.b.w.e.tomcat.GracefulShutdown        : Commencing graceful shutdown. Waiting for active requests to complete
2025-08-07T06:34:58.115Z  INFO 6426 --- [tomcat-shutdown] o.s.b.w.e.tomcat.GracefulShutdown        : Graceful shutdown complete
2025-08-07T06:34:58.116Z  INFO 6426 --- [           main] j.LocalContainerEntityManagerFactoryBean : Closing JPA EntityManagerFactory for persistence unit 'default'
2025-08-07T06:34:58.116Z  INFO 6426 --- [           main] com.zaxxer.hikari.HikariDataSource       : HikariPool-10 - Shutdown initiated...
2025-08-07T06:34:58.126Z  INFO 6426 --- [           main] com.zaxxer.hikari.HikariDataSource       : HikariPool-10 - Shutdown completed.

  .   ____          _            __ _ _
 /\\ / ___'_ __ _ _(_)_ __  __ _ \ \ \ \
( ( )\___ | '_ | '_| | '_ \/ _` | \ \ \ \
 \\/  ___)| |_)| | | | | || (_| |  ) ) ) )
  '  |____| .__|_| |_|_| |_\__, | / / / /
 =========|_|==============|___/=/_/_/_/

 :: Spring Boot ::                (v3.4.0)

2025-08-07T06:34:58.136Z  INFO 6426 --- [           main] c.e.e.EmployeeApiIntegrationTest         : Starting EmployeeApiIntegrationTest using Java 17.0.15 with PID 6426 (/home/daytona/employees/target/test-classes started by daytona in /home/daytona/employees)
2025-08-07T06:34:58.136Z  INFO 6426 --- [           main] c.e.e.EmployeeApiIntegrationTest         : No active profile set, falling back to 1 default profile: "default"
2025-08-07T06:34:58.170Z  INFO 6426 --- [           main] .s.d.r.c.RepositoryConfigurationDelegate : Bootstrapping Spring Data JPA repositories in DEFAULT mode.
2025-08-07T06:34:58.172Z  INFO 6426 --- [           main] .s.d.r.c.RepositoryConfigurationDelegate : Finished Spring Data repository scanning in 1 ms. Found 1 JPA repository interface.
2025-08-07T06:34:58.203Z  INFO 6426 --- [           main] o.s.b.w.embedded.tomcat.TomcatWebServer  : Tomcat initialized with port 0 (http)
2025-08-07T06:34:58.203Z  INFO 6426 --- [           main] o.apache.catalina.core.StandardService   : Starting service [Tomcat]
2025-08-07T06:34:58.203Z  INFO 6426 --- [           main] o.apache.catalina.core.StandardEngine    : Starting Servlet engine: [Apache Tomcat/10.1.33]
2025-08-07T06:34:58.209Z  INFO 6426 --- [           main] o.a.c.c.C.[Tomcat].[localhost].[/]       : Initializing Spring embedded WebApplicationContext
2025-08-07T06:34:58.209Z  INFO 6426 --- [           main] w.s.c.ServletWebServerApplicationContext : Root WebApplicationContext: initialization completed in 72 ms
2025-08-07T06:34:58.217Z  INFO 6426 --- [           main] com.zaxxer.hikari.HikariDataSource       : HikariPool-11 - Starting...
2025-08-07T06:34:58.218Z  INFO 6426 --- [           main] com.zaxxer.hikari.pool.HikariPool        : HikariPool-11 - Added connection conn81: url=jdbc:h2:mem:50b1150b-9e24-479a-b8f7-6f15c34c06ff user=SA
2025-08-07T06:34:58.218Z  INFO 6426 --- [           main] com.zaxxer.hikari.HikariDataSource       : HikariPool-11 - Start completed.
2025-08-07T06:34:58.222Z  INFO 6426 --- [           main] o.hibernate.jpa.internal.util.LogHelper  : HHH000204: Processing PersistenceUnitInfo [name: default]
2025-08-07T06:34:58.222Z  INFO 6426 --- [           main] o.h.c.internal.RegionFactoryInitiator    : HHH000026: Second-level cache disabled
2025-08-07T06:34:58.226Z  INFO 6426 --- [           main] o.s.o.j.p.SpringPersistenceUnitInfo      : No LoadTimeWeaver setup: ignoring JPA class transformer
2025-08-07T06:34:58.227Z  INFO 6426 --- [           main] org.hibernate.orm.connections.pooling    : HHH10001005: Database info:
	Database JDBC URL [Connecting through datasource 'HikariDataSource (HikariPool-11)']
	Database driver: undefined/unknown
	Database version: 2.3.232
	Autocommit mode: undefined/unknown
	Isolation level: undefined/unknown
	Minimum pool size: undefined/unknown
	Maximum pool size: undefined/unknown
2025-08-07T06:34:58.241Z  INFO 6426 --- [           main] o.h.e.t.j.p.i.JtaPlatformInitiator       : HHH000489: No JTA platform available (set 'hibernate.transaction.jta.platform' to enable JTA platform integration)
2025-08-07T06:34:58.242Z  INFO 6426 --- [           main] j.LocalContainerEntityManagerFactoryBean : Initialized JPA EntityManagerFactory for persistence unit 'default'
2025-08-07T06:34:58.253Z  WARN 6426 --- [           main] JpaBaseConfiguration$JpaWebConfiguration : spring.jpa.open-in-view is enabled by default. Therefore, database queries may be performed during view rendering. Explicitly configure spring.jpa.open-in-view to disable this warning
2025-08-07T06:34:58.311Z  INFO 6426 --- [           main] o.s.b.w.embedded.tomcat.TomcatWebServer  : Tomcat started on port 46837 (http) with context path '/'
2025-08-07T06:34:58.313Z  INFO 6426 --- [           main] c.e.e.EmployeeApiIntegrationTest         : Started EmployeeApiIntegrationTest in 0.185 seconds (process running for 15.174)
2025-08-07T06:34:58.326Z  INFO 6426 --- [-auto-11-exec-1] o.a.c.c.C.[Tomcat].[localhost].[/]       : Initializing Spring DispatcherServlet 'dispatcherServlet'
2025-08-07T06:34:58.327Z  INFO 6426 --- [-auto-11-exec-1] o.s.web.servlet.DispatcherServlet        : Initializing Servlet 'dispatcherServlet'
2025-08-07T06:34:58.327Z  INFO 6426 --- [-auto-11-exec-1] o.s.web.servlet.DispatcherServlet        : Completed initialization in 0 ms
]]></system-out>
  </testcase>
  <testcase name="testGetAllEmployees_EmptyDatabase" classname="com.example.employees.EmployeeApiIntegrationTest" time="0.069">
    <system-out><![CDATA[2025-08-07T06:34:58.353Z  INFO 6426 --- [           main] o.s.b.w.e.tomcat.GracefulShutdown        : Commencing graceful shutdown. Waiting for active requests to complete
2025-08-07T06:34:58.354Z  INFO 6426 --- [tomcat-shutdown] o.s.b.w.e.tomcat.GracefulShutdown        : Graceful shutdown complete
2025-08-07T06:34:58.386Z  INFO 6426 --- [           main] j.LocalContainerEntityManagerFactoryBean : Closing JPA EntityManagerFactory for persistence unit 'default'
2025-08-07T06:34:58.386Z  INFO 6426 --- [           main] com.zaxxer.hikari.HikariDataSource       : HikariPool-11 - Shutdown initiated...
2025-08-07T06:34:58.416Z  INFO 6426 --- [           main] com.zaxxer.hikari.HikariDataSource       : HikariPool-11 - Shutdown completed.

  .   ____          _            __ _ _
 /\\ / ___'_ __ _ _(_)_ __  __ _ \ \ \ \
( ( )\___ | '_ | '_| | '_ \/ _` | \ \ \ \
 \\/  ___)| |_)| | | | | || (_| |  ) ) ) )
  '  |____| .__|_| |_|_| |_\__, | / / / /
 =========|_|==============|___/=/_/_/_/

 :: Spring Boot ::                (v3.4.0)

2025-08-07T06:34:58.425Z  INFO 6426 --- [           main] c.e.e.EmployeeApiIntegrationTest         : Starting EmployeeApiIntegrationTest using Java 17.0.15 with PID 6426 (/home/daytona/employees/target/test-classes started by daytona in /home/daytona/employees)
2025-08-07T06:34:58.425Z  INFO 6426 --- [           main] c.e.e.EmployeeApiIntegrationTest         : No active profile set, falling back to 1 default profile: "default"
2025-08-07T06:34:58.456Z  INFO 6426 --- [           main] .s.d.r.c.RepositoryConfigurationDelegate : Bootstrapping Spring Data JPA repositories in DEFAULT mode.
2025-08-07T06:34:58.459Z  INFO 6426 --- [           main] .s.d.r.c.RepositoryConfigurationDelegate : Finished Spring Data repository scanning in 1 ms. Found 1 JPA repository interface.
2025-08-07T06:34:58.500Z  INFO 6426 --- [           main] o.s.b.w.embedded.tomcat.TomcatWebServer  : Tomcat initialized with port 0 (http)
2025-08-07T06:34:58.500Z  INFO 6426 --- [           main] o.apache.catalina.core.StandardService   : Starting service [Tomcat]
2025-08-07T06:34:58.500Z  INFO 6426 --- [           main] o.apache.catalina.core.StandardEngine    : Starting Servlet engine: [Apache Tomcat/10.1.33]
2025-08-07T06:34:58.505Z  INFO 6426 --- [           main] o.a.c.c.C.[Tomcat].[localhost].[/]       : Initializing Spring embedded WebApplicationContext
2025-08-07T06:34:58.505Z  INFO 6426 --- [           main] w.s.c.ServletWebServerApplicationContext : Root WebApplicationContext: initialization completed in 80 ms
2025-08-07T06:34:58.511Z  INFO 6426 --- [           main] com.zaxxer.hikari.HikariDataSource       : HikariPool-12 - Starting...
2025-08-07T06:34:58.513Z  INFO 6426 --- [           main] com.zaxxer.hikari.pool.HikariPool        : HikariPool-12 - Added connection conn85: url=jdbc:h2:mem:5b6ec811-4fe5-4263-a2a3-05a7f868018d user=SA
2025-08-07T06:34:58.513Z  INFO 6426 --- [           main] com.zaxxer.hikari.HikariDataSource       : HikariPool-12 - Start completed.
2025-08-07T06:34:58.514Z  INFO 6426 --- [           main] o.hibernate.jpa.internal.util.LogHelper  : HHH000204: Processing PersistenceUnitInfo [name: default]
2025-08-07T06:34:58.515Z  INFO 6426 --- [           main] o.h.c.internal.RegionFactoryInitiator    : HHH000026: Second-level cache disabled
2025-08-07T06:34:58.518Z  INFO 6426 --- [           main] o.s.o.j.p.SpringPersistenceUnitInfo      : No LoadTimeWeaver setup: ignoring JPA class transformer
2025-08-07T06:34:58.518Z  INFO 6426 --- [           main] org.hibernate.orm.connections.pooling    : HHH10001005: Database info:
	Database JDBC URL [Connecting through datasource 'HikariDataSource (HikariPool-12)']
	Database driver: undefined/unknown
	Database version: 2.3.232
	Autocommit mode: undefined/unknown
	Isolation level: undefined/unknown
	Minimum pool size: undefined/unknown
	Maximum pool size: undefined/unknown
2025-08-07T06:34:58.532Z  INFO 6426 --- [           main] o.h.e.t.j.p.i.JtaPlatformInitiator       : HHH000489: No JTA platform available (set 'hibernate.transaction.jta.platform' to enable JTA platform integration)
2025-08-07T06:34:58.533Z  INFO 6426 --- [           main] j.LocalContainerEntityManagerFactoryBean : Initialized JPA EntityManagerFactory for persistence unit 'default'
2025-08-07T06:34:58.541Z  WARN 6426 --- [           main] JpaBaseConfiguration$JpaWebConfiguration : spring.jpa.open-in-view is enabled by default. Therefore, database queries may be performed during view rendering. Explicitly configure spring.jpa.open-in-view to disable this warning
2025-08-07T06:34:58.615Z  INFO 6426 --- [           main] o.s.b.w.embedded.tomcat.TomcatWebServer  : Tomcat started on port 38843 (http) with context path '/'
2025-08-07T06:34:58.617Z  INFO 6426 --- [           main] c.e.e.EmployeeApiIntegrationTest         : Started EmployeeApiIntegrationTest in 0.199 seconds (process running for 15.478)
2025-08-07T06:34:58.623Z  INFO 6426 --- [-auto-12-exec-1] o.a.c.c.C.[Tomcat].[localhost].[/]       : Initializing Spring DispatcherServlet 'dispatcherServlet'
2025-08-07T06:34:58.623Z  INFO 6426 --- [-auto-12-exec-1] o.s.web.servlet.DispatcherServlet        : Initializing Servlet 'dispatcherServlet'
2025-08-07T06:34:58.623Z  INFO 6426 --- [-auto-12-exec-1] o.s.web.servlet.DispatcherServlet        : Completed initialization in 0 ms
]]></system-out>
  </testcase>
  <testcase name="testGetAllEmployees_WithData" classname="com.example.employees.EmployeeApiIntegrationTest" time="0.039">
    <system-out><![CDATA[2025-08-07T06:34:58.693Z  INFO 6426 --- [           main] o.s.b.w.e.tomcat.GracefulShutdown        : Commencing graceful shutdown. Waiting for active requests to complete
2025-08-07T06:34:58.694Z  INFO 6426 --- [tomcat-shutdown] o.s.b.w.e.tomcat.GracefulShutdown        : Graceful shutdown complete
2025-08-07T06:34:58.695Z  INFO 6426 --- [           main] j.LocalContainerEntityManagerFactoryBean : Closing JPA EntityManagerFactory for persistence unit 'default'
2025-08-07T06:34:58.695Z  INFO 6426 --- [           main] com.zaxxer.hikari.HikariDataSource       : HikariPool-12 - Shutdown initiated...
2025-08-07T06:34:58.716Z  INFO 6426 --- [           main] com.zaxxer.hikari.HikariDataSource       : HikariPool-12 - Shutdown completed.

  .   ____          _            __ _ _
 /\\ / ___'_ __ _ _(_)_ __  __ _ \ \ \ \
( ( )\___ | '_ | '_| | '_ \/ _` | \ \ \ \
 \\/  ___)| |_)| | | | | || (_| |  ) ) ) )
  '  |____| .__|_| |_|_| |_\__, | / / / /
 =========|_|==============|___/=/_/_/_/

 :: Spring Boot ::                (v3.4.0)

2025-08-07T06:34:58.725Z  INFO 6426 --- [           main] c.e.e.EmployeeApiIntegrationTest         : Starting EmployeeApiIntegrationTest using Java 17.0.15 with PID 6426 (/home/daytona/employees/target/test-classes started by daytona in /home/daytona/employees)
2025-08-07T06:34:58.725Z  INFO 6426 --- [           main] c.e.e.EmployeeApiIntegrationTest         : No active profile set, falling back to 1 default profile: "default"
2025-08-07T06:34:58.802Z  INFO 6426 --- [           main] .s.d.r.c.RepositoryConfigurationDelegate : Bootstrapping Spring Data JPA repositories in DEFAULT mode.
2025-08-07T06:34:58.805Z  INFO 6426 --- [           main] .s.d.r.c.RepositoryConfigurationDelegate : Finished Spring Data repository scanning in 2 ms. Found 1 JPA repository interface.
2025-08-07T06:34:58.825Z  INFO 6426 --- [           main] o.s.b.w.embedded.tomcat.TomcatWebServer  : Tomcat initialized with port 0 (http)
2025-08-07T06:34:58.825Z  INFO 6426 --- [           main] o.apache.catalina.core.StandardService   : Starting service [Tomcat]
2025-08-07T06:34:58.826Z  INFO 6426 --- [           main] o.apache.catalina.core.StandardEngine    : Starting Servlet engine: [Apache Tomcat/10.1.33]
2025-08-07T06:34:58.890Z  INFO 6426 --- [           main] o.a.c.c.C.[Tomcat].[localhost].[/]       : Initializing Spring embedded WebApplicationContext
2025-08-07T06:34:58.890Z  INFO 6426 --- [           main] w.s.c.ServletWebServerApplicationContext : Root WebApplicationContext: initialization completed in 165 ms
2025-08-07T06:34:58.900Z  INFO 6426 --- [           main] com.zaxxer.hikari.HikariDataSource       : HikariPool-13 - Starting...
2025-08-07T06:34:58.901Z  INFO 6426 --- [           main] com.zaxxer.hikari.pool.HikariPool        : HikariPool-13 - Added connection conn88: url=jdbc:h2:mem:992b2fc0-233d-4df3-9213-af7f4deab3a6 user=SA
2025-08-07T06:34:58.901Z  INFO 6426 --- [           main] com.zaxxer.hikari.HikariDataSource       : HikariPool-13 - Start completed.
2025-08-07T06:34:58.903Z  INFO 6426 --- [           main] o.hibernate.jpa.internal.util.LogHelper  : HHH000204: Processing PersistenceUnitInfo [name: default]
2025-08-07T06:34:58.904Z  INFO 6426 --- [           main] o.h.c.internal.RegionFactoryInitiator    : HHH000026: Second-level cache disabled
2025-08-07T06:34:58.907Z  INFO 6426 --- [           main] o.s.o.j.p.SpringPersistenceUnitInfo      : No LoadTimeWeaver setup: ignoring JPA class transformer
2025-08-07T06:34:58.907Z  INFO 6426 --- [           main] org.hibernate.orm.connections.pooling    : HHH10001005: Database info:
	Database JDBC URL [Connecting through datasource 'HikariDataSource (HikariPool-13)']
	Database driver: undefined/unknown
	Database version: 2.3.232
	Autocommit mode: undefined/unknown
	Isolation level: undefined/unknown
	Minimum pool size: undefined/unknown
	Maximum pool size: undefined/unknown
2025-08-07T06:34:58.923Z  INFO 6426 --- [           main] o.h.e.t.j.p.i.JtaPlatformInitiator       : HHH000489: No JTA platform available (set 'hibernate.transaction.jta.platform' to enable JTA platform integration)
2025-08-07T06:34:58.924Z  INFO 6426 --- [           main] j.LocalContainerEntityManagerFactoryBean : Initialized JPA EntityManagerFactory for persistence unit 'default'
2025-08-07T06:34:58.933Z  WARN 6426 --- [           main] JpaBaseConfiguration$JpaWebConfiguration : spring.jpa.open-in-view is enabled by default. Therefore, database queries may be performed during view rendering. Explicitly configure spring.jpa.open-in-view to disable this warning
2025-08-07T06:34:59.029Z  INFO 6426 --- [           main] o.s.b.w.embedded.tomcat.TomcatWebServer  : Tomcat started on port 33227 (http) with context path '/'
2025-08-07T06:34:59.032Z  INFO 6426 --- [           main] c.e.e.EmployeeApiIntegrationTest         : Started EmployeeApiIntegrationTest in 0.313 seconds (process running for 15.893)
2025-08-07T06:34:59.070Z  INFO 6426 --- [-auto-13-exec-1] o.a.c.c.C.[Tomcat].[localhost].[/]       : Initializing Spring DispatcherServlet 'dispatcherServlet'
2025-08-07T06:34:59.071Z  INFO 6426 --- [-auto-13-exec-1] o.s.web.servlet.DispatcherServlet        : Initializing Servlet 'dispatcherServlet'
2025-08-07T06:34:59.071Z  INFO 6426 --- [-auto-13-exec-1] o.s.web.servlet.DispatcherServlet        : Completed initialization in 0 ms
]]></system-out>
  </testcase>
  <testcase name="testGetEmployeeById_InvalidId" classname="com.example.employees.EmployeeApiIntegrationTest" time="0.008">
    <system-out><![CDATA[2025-08-07T06:34:59.107Z  INFO 6426 --- [           main] o.s.b.w.e.tomcat.GracefulShutdown        : Commencing graceful shutdown. Waiting for active requests to complete
2025-08-07T06:34:59.109Z  INFO 6426 --- [tomcat-shutdown] o.s.b.w.e.tomcat.GracefulShutdown        : Graceful shutdown complete
2025-08-07T06:34:59.110Z  INFO 6426 --- [           main] j.LocalContainerEntityManagerFactoryBean : Closing JPA EntityManagerFactory for persistence unit 'default'
2025-08-07T06:34:59.111Z  INFO 6426 --- [           main] com.zaxxer.hikari.HikariDataSource       : HikariPool-13 - Shutdown initiated...
2025-08-07T06:34:59.127Z  INFO 6426 --- [           main] com.zaxxer.hikari.HikariDataSource       : HikariPool-13 - Shutdown completed.

  .   ____          _            __ _ _
 /\\ / ___'_ __ _ _(_)_ __  __ _ \ \ \ \
( ( )\___ | '_ | '_| | '_ \/ _` | \ \ \ \
 \\/  ___)| |_)| | | | | || (_| |  ) ) ) )
  '  |____| .__|_| |_|_| |_\__, | / / / /
 =========|_|==============|___/=/_/_/_/

 :: Spring Boot ::                (v3.4.0)

2025-08-07T06:34:59.136Z  INFO 6426 --- [           main] c.e.e.EmployeeApiIntegrationTest         : Starting EmployeeApiIntegrationTest using Java 17.0.15 with PID 6426 (/home/daytona/employees/target/test-classes started by daytona in /home/daytona/employees)
2025-08-07T06:34:59.136Z  INFO 6426 --- [           main] c.e.e.EmployeeApiIntegrationTest         : No active profile set, falling back to 1 default profile: "default"
2025-08-07T06:34:59.166Z  INFO 6426 --- [           main] .s.d.r.c.RepositoryConfigurationDelegate : Bootstrapping Spring Data JPA repositories in DEFAULT mode.
2025-08-07T06:34:59.168Z  INFO 6426 --- [           main] .s.d.r.c.RepositoryConfigurationDelegate : Finished Spring Data repository scanning in 1 ms. Found 1 JPA repository interface.
2025-08-07T06:34:59.183Z  INFO 6426 --- [           main] o.s.b.w.embedded.tomcat.TomcatWebServer  : Tomcat initialized with port 0 (http)
2025-08-07T06:34:59.183Z  INFO 6426 --- [           main] o.apache.catalina.core.StandardService   : Starting service [Tomcat]
2025-08-07T06:34:59.183Z  INFO 6426 --- [           main] o.apache.catalina.core.StandardEngine    : Starting Servlet engine: [Apache Tomcat/10.1.33]
2025-08-07T06:34:59.188Z  INFO 6426 --- [           main] o.a.c.c.C.[Tomcat].[localhost].[/]       : Initializing Spring embedded WebApplicationContext
2025-08-07T06:34:59.188Z  INFO 6426 --- [           main] w.s.c.ServletWebServerApplicationContext : Root WebApplicationContext: initialization completed in 51 ms
2025-08-07T06:34:59.195Z  INFO 6426 --- [           main] com.zaxxer.hikari.HikariDataSource       : HikariPool-14 - Starting...
2025-08-07T06:34:59.196Z  INFO 6426 --- [           main] com.zaxxer.hikari.pool.HikariPool        : HikariPool-14 - Added connection conn93: url=jdbc:h2:mem:5642bcda-97a8-48d1-a1c8-b522ad85df77 user=SA
2025-08-07T06:34:59.196Z  INFO 6426 --- [           main] com.zaxxer.hikari.HikariDataSource       : HikariPool-14 - Start completed.
2025-08-07T06:34:59.197Z  INFO 6426 --- [           main] o.hibernate.jpa.internal.util.LogHelper  : HHH000204: Processing PersistenceUnitInfo [name: default]
2025-08-07T06:34:59.198Z  INFO 6426 --- [           main] o.h.c.internal.RegionFactoryInitiator    : HHH000026: Second-level cache disabled
2025-08-07T06:34:59.200Z  INFO 6426 --- [           main] o.s.o.j.p.SpringPersistenceUnitInfo      : No LoadTimeWeaver setup: ignoring JPA class transformer
2025-08-07T06:34:59.201Z  INFO 6426 --- [           main] org.hibernate.orm.connections.pooling    : HHH10001005: Database info:
	Database JDBC URL [Connecting through datasource 'HikariDataSource (HikariPool-14)']
	Database driver: undefined/unknown
	Database version: 2.3.232
	Autocommit mode: undefined/unknown
	Isolation level: undefined/unknown
	Minimum pool size: undefined/unknown
	Maximum pool size: undefined/unknown
2025-08-07T06:34:59.212Z  INFO 6426 --- [           main] o.h.e.t.j.p.i.JtaPlatformInitiator       : HHH000489: No JTA platform available (set 'hibernate.transaction.jta.platform' to enable JTA platform integration)
2025-08-07T06:34:59.213Z  INFO 6426 --- [           main] j.LocalContainerEntityManagerFactoryBean : Initialized JPA EntityManagerFactory for persistence unit 'default'
2025-08-07T06:34:59.221Z  WARN 6426 --- [           main] JpaBaseConfiguration$JpaWebConfiguration : spring.jpa.open-in-view is enabled by default. Therefore, database queries may be performed during view rendering. Explicitly configure spring.jpa.open-in-view to disable this warning
2025-08-07T06:34:59.286Z  INFO 6426 --- [           main] o.s.b.w.embedded.tomcat.TomcatWebServer  : Tomcat started on port 33805 (http) with context path '/'
2025-08-07T06:34:59.288Z  INFO 6426 --- [           main] c.e.e.EmployeeApiIntegrationTest         : Started EmployeeApiIntegrationTest in 0.158 seconds (process running for 16.149)
2025-08-07T06:34:59.294Z  INFO 6426 --- [-auto-14-exec-1] o.a.c.c.C.[Tomcat].[localhost].[/]       : Initializing Spring DispatcherServlet 'dispatcherServlet'
2025-08-07T06:34:59.294Z  INFO 6426 --- [-auto-14-exec-1] o.s.web.servlet.DispatcherServlet        : Initializing Servlet 'dispatcherServlet'
2025-08-07T06:34:59.294Z  INFO 6426 --- [-auto-14-exec-1] o.s.web.servlet.DispatcherServlet        : Completed initialization in 0 ms
2025-08-07T06:34:59.296Z  WARN 6426 --- [-auto-14-exec-1] .w.s.m.s.DefaultHandlerExceptionResolver : Resolved [org.springframework.web.method.annotation.MethodArgumentTypeMismatchException: Method parameter 'id': Failed to convert value of type 'java.lang.String' to required type 'java.lang.Long'; For input string: "invalid"]
]]></system-out>
  </testcase>
  <testcase name="testGetEmployeeById_NotFound" classname="com.example.employees.EmployeeApiIntegrationTest" time="0.007">
    <system-out><![CDATA[2025-08-07T06:34:59.302Z  INFO 6426 --- [           main] o.s.b.w.e.tomcat.GracefulShutdown        : Commencing graceful shutdown. Waiting for active requests to complete
2025-08-07T06:34:59.302Z  INFO 6426 --- [tomcat-shutdown] o.s.b.w.e.tomcat.GracefulShutdown        : Graceful shutdown complete
2025-08-07T06:34:59.303Z  INFO 6426 --- [           main] j.LocalContainerEntityManagerFactoryBean : Closing JPA EntityManagerFactory for persistence unit 'default'
2025-08-07T06:34:59.303Z  INFO 6426 --- [           main] com.zaxxer.hikari.HikariDataSource       : HikariPool-14 - Shutdown initiated...
2025-08-07T06:34:59.327Z  INFO 6426 --- [           main] com.zaxxer.hikari.HikariDataSource       : HikariPool-14 - Shutdown completed.

  .   ____          _            __ _ _
 /\\ / ___'_ __ _ _(_)_ __  __ _ \ \ \ \
( ( )\___ | '_ | '_| | '_ \/ _` | \ \ \ \
 \\/  ___)| |_)| | | | | || (_| |  ) ) ) )
  '  |____| .__|_| |_|_| |_\__, | / / / /
 =========|_|==============|___/=/_/_/_/

 :: Spring Boot ::                (v3.4.0)

2025-08-07T06:34:59.334Z  INFO 6426 --- [           main] c.e.e.EmployeeApiIntegrationTest         : Starting EmployeeApiIntegrationTest using Java 17.0.15 with PID 6426 (/home/daytona/employees/target/test-classes started by daytona in /home/daytona/employees)
2025-08-07T06:34:59.334Z  INFO 6426 --- [           main] c.e.e.EmployeeApiIntegrationTest         : No active profile set, falling back to 1 default profile: "default"
2025-08-07T06:34:59.402Z  INFO 6426 --- [           main] .s.d.r.c.RepositoryConfigurationDelegate : Bootstrapping Spring Data JPA repositories in DEFAULT mode.
2025-08-07T06:34:59.404Z  INFO 6426 --- [           main] .s.d.r.c.RepositoryConfigurationDelegate : Finished Spring Data repository scanning in 1 ms. Found 1 JPA repository interface.
2025-08-07T06:34:59.419Z  INFO 6426 --- [           main] o.s.b.w.embedded.tomcat.TomcatWebServer  : Tomcat initialized with port 0 (http)
2025-08-07T06:34:59.419Z  INFO 6426 --- [           main] o.apache.catalina.core.StandardService   : Starting service [Tomcat]
2025-08-07T06:34:59.419Z  INFO 6426 --- [           main] o.apache.catalina.core.StandardEngine    : Starting Servlet engine: [Apache Tomcat/10.1.33]
2025-08-07T06:34:59.424Z  INFO 6426 --- [           main] o.a.c.c.C.[Tomcat].[localhost].[/]       : Initializing Spring embedded WebApplicationContext
2025-08-07T06:34:59.424Z  INFO 6426 --- [           main] w.s.c.ServletWebServerApplicationContext : Root WebApplicationContext: initialization completed in 89 ms
2025-08-07T06:34:59.431Z  INFO 6426 --- [           main] com.zaxxer.hikari.HikariDataSource       : HikariPool-15 - Starting...
2025-08-07T06:34:59.433Z  INFO 6426 --- [           main] com.zaxxer.hikari.pool.HikariPool        : HikariPool-15 - Added connection conn95: url=jdbc:h2:mem:37fb21b5-63ce-4159-b10c-c979cac9ffdc user=SA
2025-08-07T06:34:59.433Z  INFO 6426 --- [           main] com.zaxxer.hikari.HikariDataSource       : HikariPool-15 - Start completed.
2025-08-07T06:34:59.434Z  INFO 6426 --- [           main] o.hibernate.jpa.internal.util.LogHelper  : HHH000204: Processing PersistenceUnitInfo [name: default]
2025-08-07T06:34:59.435Z  INFO 6426 --- [           main] o.h.c.internal.RegionFactoryInitiator    : HHH000026: Second-level cache disabled
2025-08-07T06:34:59.438Z  INFO 6426 --- [           main] o.s.o.j.p.SpringPersistenceUnitInfo      : No LoadTimeWeaver setup: ignoring JPA class transformer
2025-08-07T06:34:59.439Z  INFO 6426 --- [           main] org.hibernate.orm.connections.pooling    : HHH10001005: Database info:
	Database JDBC URL [Connecting through datasource 'HikariDataSource (HikariPool-15)']
	Database driver: undefined/unknown
	Database version: 2.3.232
	Autocommit mode: undefined/unknown
	Isolation level: undefined/unknown
	Minimum pool size: undefined/unknown
	Maximum pool size: undefined/unknown
2025-08-07T06:34:59.451Z  INFO 6426 --- [           main] o.h.e.t.j.p.i.JtaPlatformInitiator       : HHH000489: No JTA platform available (set 'hibernate.transaction.jta.platform' to enable JTA platform integration)
2025-08-07T06:34:59.451Z  INFO 6426 --- [           main] j.LocalContainerEntityManagerFactoryBean : Initialized JPA EntityManagerFactory for persistence unit 'default'
2025-08-07T06:34:59.459Z  WARN 6426 --- [           main] JpaBaseConfiguration$JpaWebConfiguration : spring.jpa.open-in-view is enabled by default. Therefore, database queries may be performed during view rendering. Explicitly configure spring.jpa.open-in-view to disable this warning
2025-08-07T06:34:59.503Z  INFO 6426 --- [           main] o.s.b.w.embedded.tomcat.TomcatWebServer  : Tomcat started on port 33547 (http) with context path '/'
2025-08-07T06:34:59.505Z  INFO 6426 --- [           main] c.e.e.EmployeeApiIntegrationTest         : Started EmployeeApiIntegrationTest in 0.176 seconds (process running for 16.366)
2025-08-07T06:34:59.512Z  INFO 6426 --- [-auto-15-exec-1] o.a.c.c.C.[Tomcat].[localhost].[/]       : Initializing Spring DispatcherServlet 'dispatcherServlet'
2025-08-07T06:34:59.512Z  INFO 6426 --- [-auto-15-exec-1] o.s.web.servlet.DispatcherServlet        : Initializing Servlet 'dispatcherServlet'
2025-08-07T06:34:59.512Z  INFO 6426 --- [-auto-15-exec-1] o.s.web.servlet.DispatcherServlet        : Completed initialization in 0 ms
]]></system-out>
  </testcase>
  <testcase name="testGetEmployeeById_Success" classname="com.example.employees.EmployeeApiIntegrationTest" time="0.009">
    <system-out><![CDATA[2025-08-07T06:34:59.518Z  INFO 6426 --- [           main] o.s.b.w.e.tomcat.GracefulShutdown        : Commencing graceful shutdown. Waiting for active requests to complete
2025-08-07T06:34:59.518Z  INFO 6426 --- [tomcat-shutdown] o.s.b.w.e.tomcat.GracefulShutdown        : Graceful shutdown complete
2025-08-07T06:34:59.519Z  INFO 6426 --- [           main] j.LocalContainerEntityManagerFactoryBean : Closing JPA EntityManagerFactory for persistence unit 'default'
2025-08-07T06:34:59.519Z  INFO 6426 --- [           main] com.zaxxer.hikari.HikariDataSource       : HikariPool-15 - Shutdown initiated...
2025-08-07T06:34:59.520Z  INFO 6426 --- [           main] com.zaxxer.hikari.HikariDataSource       : HikariPool-15 - Shutdown completed.

  .   ____          _            __ _ _
 /\\ / ___'_ __ _ _(_)_ __  __ _ \ \ \ \
( ( )\___ | '_ | '_| | '_ \/ _` | \ \ \ \
 \\/  ___)| |_)| | | | | || (_| |  ) ) ) )
  '  |____| .__|_| |_|_| |_\__, | / / / /
 =========|_|==============|___/=/_/_/_/

 :: Spring Boot ::                (v3.4.0)

2025-08-07T06:34:59.530Z  INFO 6426 --- [           main] c.e.e.EmployeeApiIntegrationTest         : Starting EmployeeApiIntegrationTest using Java 17.0.15 with PID 6426 (/home/daytona/employees/target/test-classes started by daytona in /home/daytona/employees)
2025-08-07T06:34:59.530Z  INFO 6426 --- [           main] c.e.e.EmployeeApiIntegrationTest         : No active profile set, falling back to 1 default profile: "default"
2025-08-07T06:34:59.611Z  INFO 6426 --- [           main] .s.d.r.c.RepositoryConfigurationDelegate : Bootstrapping Spring Data JPA repositories in DEFAULT mode.
2025-08-07T06:34:59.613Z  INFO 6426 --- [           main] .s.d.r.c.RepositoryConfigurationDelegate : Finished Spring Data repository scanning in 1 ms. Found 1 JPA repository interface.
2025-08-07T06:34:59.638Z  INFO 6426 --- [           main] o.s.b.w.embedded.tomcat.TomcatWebServer  : Tomcat initialized with port 0 (http)
2025-08-07T06:34:59.638Z  INFO 6426 --- [           main] o.apache.catalina.core.StandardService   : Starting service [Tomcat]
2025-08-07T06:34:59.638Z  INFO 6426 --- [           main] o.apache.catalina.core.StandardEngine    : Starting Servlet engine: [Apache Tomcat/10.1.33]
2025-08-07T06:34:59.644Z  INFO 6426 --- [           main] o.a.c.c.C.[Tomcat].[localhost].[/]       : Initializing Spring embedded WebApplicationContext
2025-08-07T06:34:59.644Z  INFO 6426 --- [           main] w.s.c.ServletWebServerApplicationContext : Root WebApplicationContext: initialization completed in 114 ms
2025-08-07T06:34:59.686Z  INFO 6426 --- [           main] com.zaxxer.hikari.HikariDataSource       : HikariPool-16 - Starting...
2025-08-07T06:34:59.687Z  INFO 6426 --- [           main] com.zaxxer.hikari.pool.HikariPool        : HikariPool-16 - Added connection conn96: url=jdbc:h2:mem:1b005fad-460d-4654-b865-f59045b8cb75 user=SA
2025-08-07T06:34:59.687Z  INFO 6426 --- [           main] com.zaxxer.hikari.HikariDataSource       : HikariPool-16 - Start completed.
2025-08-07T06:34:59.689Z  INFO 6426 --- [           main] o.hibernate.jpa.internal.util.LogHelper  : HHH000204: Processing PersistenceUnitInfo [name: default]
2025-08-07T06:34:59.690Z  INFO 6426 --- [           main] o.h.c.internal.RegionFactoryInitiator    : HHH000026: Second-level cache disabled
2025-08-07T06:34:59.693Z  INFO 6426 --- [           main] o.s.o.j.p.SpringPersistenceUnitInfo      : No LoadTimeWeaver setup: ignoring JPA class transformer
2025-08-07T06:34:59.694Z  INFO 6426 --- [           main] org.hibernate.orm.connections.pooling    : HHH10001005: Database info:
	Database JDBC URL [Connecting through datasource 'HikariDataSource (HikariPool-16)']
	Database driver: undefined/unknown
	Database version: 2.3.232
	Autocommit mode: undefined/unknown
	Isolation level: undefined/unknown
	Minimum pool size: undefined/unknown
	Maximum pool size: undefined/unknown
2025-08-07T06:34:59.707Z  INFO 6426 --- [           main] o.h.e.t.j.p.i.JtaPlatformInitiator       : HHH000489: No JTA platform available (set 'hibernate.transaction.jta.platform' to enable JTA platform integration)
2025-08-07T06:34:59.708Z  INFO 6426 --- [           main] j.LocalContainerEntityManagerFactoryBean : Initialized JPA EntityManagerFactory for persistence unit 'default'
2025-08-07T06:34:59.722Z  WARN 6426 --- [           main] JpaBaseConfiguration$JpaWebConfiguration : spring.jpa.open-in-view is enabled by default. Therefore, database queries may be performed during view rendering. Explicitly configure spring.jpa.open-in-view to disable this warning
2025-08-07T06:34:59.809Z  INFO 6426 --- [           main] o.s.b.w.embedded.tomcat.TomcatWebServer  : Tomcat started on port 45591 (http) with context path '/'
2025-08-07T06:34:59.811Z  INFO 6426 --- [           main] c.e.e.EmployeeApiIntegrationTest         : Started EmployeeApiIntegrationTest in 0.288 seconds (process running for 16.672)
2025-08-07T06:34:59.819Z  INFO 6426 --- [-auto-16-exec-1] o.a.c.c.C.[Tomcat].[localhost].[/]       : Initializing Spring DispatcherServlet 'dispatcherServlet'
2025-08-07T06:34:59.819Z  INFO 6426 --- [-auto-16-exec-1] o.s.web.servlet.DispatcherServlet        : Initializing Servlet 'dispatcherServlet'
2025-08-07T06:34:59.820Z  INFO 6426 --- [-auto-16-exec-1] o.s.web.servlet.DispatcherServlet        : Completed initialization in 1 ms
]]></system-out>
  </testcase>
  <testcase name="testJsonSerialization" classname="com.example.employees.EmployeeApiIntegrationTest" time="0.01">
    <system-out><![CDATA[2025-08-07T06:34:59.828Z  INFO 6426 --- [           main] o.s.b.w.e.tomcat.GracefulShutdown        : Commencing graceful shutdown. Waiting for active requests to complete
2025-08-07T06:34:59.828Z  INFO 6426 --- [tomcat-shutdown] o.s.b.w.e.tomcat.GracefulShutdown        : Graceful shutdown complete
2025-08-07T06:34:59.829Z  INFO 6426 --- [           main] j.LocalContainerEntityManagerFactoryBean : Closing JPA EntityManagerFactory for persistence unit 'default'
2025-08-07T06:34:59.830Z  INFO 6426 --- [           main] com.zaxxer.hikari.HikariDataSource       : HikariPool-16 - Shutdown initiated...
2025-08-07T06:34:59.848Z  INFO 6426 --- [           main] com.zaxxer.hikari.HikariDataSource       : HikariPool-16 - Shutdown completed.

  .   ____          _            __ _ _
 /\\ / ___'_ __ _ _(_)_ __  __ _ \ \ \ \
( ( )\___ | '_ | '_| | '_ \/ _` | \ \ \ \
 \\/  ___)| |_)| | | | | || (_| |  ) ) ) )
  '  |____| .__|_| |_|_| |_\__, | / / / /
 =========|_|==============|___/=/_/_/_/

 :: Spring Boot ::                (v3.4.0)

2025-08-07T06:34:59.856Z  INFO 6426 --- [           main] c.e.e.EmployeeApiIntegrationTest         : Starting EmployeeApiIntegrationTest using Java 17.0.15 with PID 6426 (/home/daytona/employees/target/test-classes started by daytona in /home/daytona/employees)
2025-08-07T06:34:59.856Z  INFO 6426 --- [           main] c.e.e.EmployeeApiIntegrationTest         : No active profile set, falling back to 1 default profile: "default"
2025-08-07T06:34:59.892Z  INFO 6426 --- [           main] .s.d.r.c.RepositoryConfigurationDelegate : Bootstrapping Spring Data JPA repositories in DEFAULT mode.
2025-08-07T06:34:59.895Z  INFO 6426 --- [           main] .s.d.r.c.RepositoryConfigurationDelegate : Finished Spring Data repository scanning in 1 ms. Found 1 JPA repository interface.
2025-08-07T06:34:59.910Z  INFO 6426 --- [           main] o.s.b.w.embedded.tomcat.TomcatWebServer  : Tomcat initialized with port 0 (http)
2025-08-07T06:34:59.911Z  INFO 6426 --- [           main] o.apache.catalina.core.StandardService   : Starting service [Tomcat]
2025-08-07T06:34:59.911Z  INFO 6426 --- [           main] o.apache.catalina.core.StandardEngine    : Starting Servlet engine: [Apache Tomcat/10.1.33]
2025-08-07T06:34:59.916Z  INFO 6426 --- [           main] o.a.c.c.C.[Tomcat].[localhost].[/]       : Initializing Spring embedded WebApplicationContext
2025-08-07T06:34:59.916Z  INFO 6426 --- [           main] w.s.c.ServletWebServerApplicationContext : Root WebApplicationContext: initialization completed in 60 ms
2025-08-07T06:34:59.922Z  INFO 6426 --- [           main] com.zaxxer.hikari.HikariDataSource       : HikariPool-17 - Starting...
2025-08-07T06:34:59.924Z  INFO 6426 --- [           main] com.zaxxer.hikari.pool.HikariPool        : HikariPool-17 - Added connection conn99: url=jdbc:h2:mem:355ddb94-db9f-40b4-bbda-eb8216384333 user=SA
2025-08-07T06:34:59.924Z  INFO 6426 --- [           main] com.zaxxer.hikari.HikariDataSource       : HikariPool-17 - Start completed.
2025-08-07T06:34:59.925Z  INFO 6426 --- [           main] o.hibernate.jpa.internal.util.LogHelper  : HHH000204: Processing PersistenceUnitInfo [name: default]
2025-08-07T06:34:59.926Z  INFO 6426 --- [           main] o.h.c.internal.RegionFactoryInitiator    : HHH000026: Second-level cache disabled
2025-08-07T06:34:59.929Z  INFO 6426 --- [           main] o.s.o.j.p.SpringPersistenceUnitInfo      : No LoadTimeWeaver setup: ignoring JPA class transformer
2025-08-07T06:34:59.930Z  INFO 6426 --- [           main] org.hibernate.orm.connections.pooling    : HHH10001005: Database info:
	Database JDBC URL [Connecting through datasource 'HikariDataSource (HikariPool-17)']
	Database driver: undefined/unknown
	Database version: 2.3.232
	Autocommit mode: undefined/unknown
	Isolation level: undefined/unknown
	Minimum pool size: undefined/unknown
	Maximum pool size: undefined/unknown
2025-08-07T06:34:59.944Z  INFO 6426 --- [           main] o.h.e.t.j.p.i.JtaPlatformInitiator       : HHH000489: No JTA platform available (set 'hibernate.transaction.jta.platform' to enable JTA platform integration)
2025-08-07T06:34:59.945Z  INFO 6426 --- [           main] j.LocalContainerEntityManagerFactoryBean : Initialized JPA EntityManagerFactory for persistence unit 'default'
2025-08-07T06:34:59.955Z  WARN 6426 --- [           main] JpaBaseConfiguration$JpaWebConfiguration : spring.jpa.open-in-view is enabled by default. Therefore, database queries may be performed during view rendering. Explicitly configure spring.jpa.open-in-view to disable this warning
2025-08-07T06:34:59.986Z  INFO 6426 --- [           main] o.s.b.w.embedded.tomcat.TomcatWebServer  : Tomcat started on port 44237 (http) with context path '/'
2025-08-07T06:34:59.987Z  INFO 6426 --- [           main] c.e.e.EmployeeApiIntegrationTest         : Started EmployeeApiIntegrationTest in 0.136 seconds (process running for 16.848)
2025-08-07T06:34:59.996Z  INFO 6426 --- [-auto-17-exec-1] o.a.c.c.C.[Tomcat].[localhost].[/]       : Initializing Spring DispatcherServlet 'dispatcherServlet'
2025-08-07T06:34:59.996Z  INFO 6426 --- [-auto-17-exec-1] o.s.web.servlet.DispatcherServlet        : Initializing Servlet 'dispatcherServlet'
2025-08-07T06:34:59.996Z  INFO 6426 --- [-auto-17-exec-1] o.s.web.servlet.DispatcherServlet        : Completed initialization in 0 ms
]]></system-out>
  </testcase>
  <testcase name="testMultipleEmployeesWorkflow" classname="com.example.employees.EmployeeApiIntegrationTest" time="0.079">
    <system-out><![CDATA[2025-08-07T06:35:00.005Z  INFO 6426 --- [           main] o.s.b.w.e.tomcat.GracefulShutdown        : Commencing graceful shutdown. Waiting for active requests to complete
2025-08-07T06:35:00.006Z  INFO 6426 --- [tomcat-shutdown] o.s.b.w.e.tomcat.GracefulShutdown        : Graceful shutdown complete
2025-08-07T06:35:00.006Z  INFO 6426 --- [           main] j.LocalContainerEntityManagerFactoryBean : Closing JPA EntityManagerFactory for persistence unit 'default'
2025-08-07T06:35:00.007Z  INFO 6426 --- [           main] com.zaxxer.hikari.HikariDataSource       : HikariPool-17 - Shutdown initiated...
2025-08-07T06:35:00.007Z  INFO 6426 --- [           main] com.zaxxer.hikari.HikariDataSource       : HikariPool-17 - Shutdown completed.

  .   ____          _            __ _ _
 /\\ / ___'_ __ _ _(_)_ __  __ _ \ \ \ \
( ( )\___ | '_ | '_| | '_ \/ _` | \ \ \ \
 \\/  ___)| |_)| | | | | || (_| |  ) ) ) )
  '  |____| .__|_| |_|_| |_\__, | / / / /
 =========|_|==============|___/=/_/_/_/

 :: Spring Boot ::                (v3.4.0)

2025-08-07T06:35:00.015Z  INFO 6426 --- [           main] c.e.e.EmployeeApiIntegrationTest         : Starting EmployeeApiIntegrationTest using Java 17.0.15 with PID 6426 (/home/daytona/employees/target/test-classes started by daytona in /home/daytona/employees)
2025-08-07T06:35:00.015Z  INFO 6426 --- [           main] c.e.e.EmployeeApiIntegrationTest         : No active profile set, falling back to 1 default profile: "default"
2025-08-07T06:35:00.100Z  INFO 6426 --- [           main] .s.d.r.c.RepositoryConfigurationDelegate : Bootstrapping Spring Data JPA repositories in DEFAULT mode.
2025-08-07T06:35:00.102Z  INFO 6426 --- [           main] .s.d.r.c.RepositoryConfigurationDelegate : Finished Spring Data repository scanning in 1 ms. Found 1 JPA repository interface.
2025-08-07T06:35:00.119Z  INFO 6426 --- [           main] o.s.b.w.embedded.tomcat.TomcatWebServer  : Tomcat initialized with port 0 (http)
2025-08-07T06:35:00.120Z  INFO 6426 --- [           main] o.apache.catalina.core.StandardService   : Starting service [Tomcat]
2025-08-07T06:35:00.185Z  INFO 6426 --- [           main] o.apache.catalina.core.StandardEngine    : Starting Servlet engine: [Apache Tomcat/10.1.33]
2025-08-07T06:35:00.209Z  INFO 6426 --- [           main] o.a.c.c.C.[Tomcat].[localhost].[/]       : Initializing Spring embedded WebApplicationContext
2025-08-07T06:35:00.209Z  INFO 6426 --- [           main] w.s.c.ServletWebServerApplicationContext : Root WebApplicationContext: initialization completed in 194 ms
2025-08-07T06:35:00.217Z  INFO 6426 --- [           main] com.zaxxer.hikari.HikariDataSource       : HikariPool-18 - Starting...
2025-08-07T06:35:00.218Z  INFO 6426 --- [           main] com.zaxxer.hikari.pool.HikariPool        : HikariPool-18 - Added connection conn100: url=jdbc:h2:mem:c1e97c90-6820-4796-90e2-66e25f37d493 user=SA
2025-08-07T06:35:00.219Z  INFO 6426 --- [           main] com.zaxxer.hikari.HikariDataSource       : HikariPool-18 - Start completed.
2025-08-07T06:35:00.220Z  INFO 6426 --- [           main] o.hibernate.jpa.internal.util.LogHelper  : HHH000204: Processing PersistenceUnitInfo [name: default]
2025-08-07T06:35:00.221Z  INFO 6426 --- [           main] o.h.c.internal.RegionFactoryInitiator    : HHH000026: Second-level cache disabled
2025-08-07T06:35:00.225Z  INFO 6426 --- [           main] o.s.o.j.p.SpringPersistenceUnitInfo      : No LoadTimeWeaver setup: ignoring JPA class transformer
2025-08-07T06:35:00.225Z  INFO 6426 --- [           main] org.hibernate.orm.connections.pooling    : HHH10001005: Database info:
	Database JDBC URL [Connecting through datasource 'HikariDataSource (HikariPool-18)']
	Database driver: undefined/unknown
	Database version: 2.3.232
	Autocommit mode: undefined/unknown
	Isolation level: undefined/unknown
	Minimum pool size: undefined/unknown
	Maximum pool size: undefined/unknown
2025-08-07T06:35:00.294Z  INFO 6426 --- [           main] o.h.e.t.j.p.i.JtaPlatformInitiator       : HHH000489: No JTA platform available (set 'hibernate.transaction.jta.platform' to enable JTA platform integration)
2025-08-07T06:35:00.296Z  INFO 6426 --- [           main] j.LocalContainerEntityManagerFactoryBean : Initialized JPA EntityManagerFactory for persistence unit 'default'
2025-08-07T06:35:00.328Z  WARN 6426 --- [           main] JpaBaseConfiguration$JpaWebConfiguration : spring.jpa.open-in-view is enabled by default. Therefore, database queries may be performed during view rendering. Explicitly configure spring.jpa.open-in-view to disable this warning
2025-08-07T06:35:00.404Z  INFO 6426 --- [           main] o.s.b.w.embedded.tomcat.TomcatWebServer  : Tomcat started on port 32857 (http) with context path '/'
2025-08-07T06:35:00.406Z  INFO 6426 --- [           main] c.e.e.EmployeeApiIntegrationTest         : Started EmployeeApiIntegrationTest in 0.397 seconds (process running for 17.267)
2025-08-07T06:35:00.414Z  INFO 6426 --- [-auto-18-exec-1] o.a.c.c.C.[Tomcat].[localhost].[/]       : Initializing Spring DispatcherServlet 'dispatcherServlet'
2025-08-07T06:35:00.414Z  INFO 6426 --- [-auto-18-exec-1] o.s.web.servlet.DispatcherServlet        : Initializing Servlet 'dispatcherServlet'
2025-08-07T06:35:00.414Z  INFO 6426 --- [-auto-18-exec-1] o.s.web.servlet.DispatcherServlet        : Completed initialization in 0 ms
]]></system-out>
  </testcase>
  <testcase name="testSpecialCharactersInJson" classname="com.example.employees.EmployeeApiIntegrationTest" time="0.009">
    <system-out><![CDATA[2025-08-07T06:35:00.492Z  INFO 6426 --- [           main] o.s.b.w.e.tomcat.GracefulShutdown        : Commencing graceful shutdown. Waiting for active requests to complete
2025-08-07T06:35:00.493Z  INFO 6426 --- [tomcat-shutdown] o.s.b.w.e.tomcat.GracefulShutdown        : Graceful shutdown complete
2025-08-07T06:35:00.494Z  INFO 6426 --- [           main] j.LocalContainerEntityManagerFactoryBean : Closing JPA EntityManagerFactory for persistence unit 'default'
2025-08-07T06:35:00.495Z  INFO 6426 --- [           main] com.zaxxer.hikari.HikariDataSource       : HikariPool-18 - Shutdown initiated...
2025-08-07T06:35:00.516Z  INFO 6426 --- [           main] com.zaxxer.hikari.HikariDataSource       : HikariPool-18 - Shutdown completed.

  .   ____          _            __ _ _
 /\\ / ___'_ __ _ _(_)_ __  __ _ \ \ \ \
( ( )\___ | '_ | '_| | '_ \/ _` | \ \ \ \
 \\/  ___)| |_)| | | | | || (_| |  ) ) ) )
  '  |____| .__|_| |_|_| |_\__, | / / / /
 =========|_|==============|___/=/_/_/_/

 :: Spring Boot ::                (v3.4.0)

2025-08-07T06:35:00.526Z  INFO 6426 --- [           main] c.e.e.EmployeeApiIntegrationTest         : Starting EmployeeApiIntegrationTest using Java 17.0.15 with PID 6426 (/home/daytona/employees/target/test-classes started by daytona in /home/daytona/employees)
2025-08-07T06:35:00.526Z  INFO 6426 --- [           main] c.e.e.EmployeeApiIntegrationTest         : No active profile set, falling back to 1 default profile: "default"
2025-08-07T06:35:00.558Z  INFO 6426 --- [           main] .s.d.r.c.RepositoryConfigurationDelegate : Bootstrapping Spring Data JPA repositories in DEFAULT mode.
2025-08-07T06:35:00.560Z  INFO 6426 --- [           main] .s.d.r.c.RepositoryConfigurationDelegate : Finished Spring Data repository scanning in 1 ms. Found 1 JPA repository interface.
2025-08-07T06:35:00.588Z  INFO 6426 --- [           main] o.s.b.w.embedded.tomcat.TomcatWebServer  : Tomcat initialized with port 0 (http)
2025-08-07T06:35:00.588Z  INFO 6426 --- [           main] o.apache.catalina.core.StandardService   : Starting service [Tomcat]
2025-08-07T06:35:00.589Z  INFO 6426 --- [           main] o.apache.catalina.core.StandardEngine    : Starting Servlet engine: [Apache Tomcat/10.1.33]
2025-08-07T06:35:00.594Z  INFO 6426 --- [           main] o.a.c.c.C.[Tomcat].[localhost].[/]       : Initializing Spring embedded WebApplicationContext
2025-08-07T06:35:00.594Z  INFO 6426 --- [           main] w.s.c.ServletWebServerApplicationContext : Root WebApplicationContext: initialization completed in 67 ms
2025-08-07T06:35:00.601Z  INFO 6426 --- [           main] com.zaxxer.hikari.HikariDataSource       : HikariPool-19 - Starting...
2025-08-07T06:35:00.602Z  INFO 6426 --- [           main] com.zaxxer.hikari.pool.HikariPool        : HikariPool-19 - Added connection conn106: url=jdbc:h2:mem:bf483e47-cab2-4996-b98e-abfd1cafce57 user=SA
2025-08-07T06:35:00.602Z  INFO 6426 --- [           main] com.zaxxer.hikari.HikariDataSource       : HikariPool-19 - Start completed.
2025-08-07T06:35:00.603Z  INFO 6426 --- [           main] o.hibernate.jpa.internal.util.LogHelper  : HHH000204: Processing PersistenceUnitInfo [name: default]
2025-08-07T06:35:00.604Z  INFO 6426 --- [           main] o.h.c.internal.RegionFactoryInitiator    : HHH000026: Second-level cache disabled
2025-08-07T06:35:00.607Z  INFO 6426 --- [           main] o.s.o.j.p.SpringPersistenceUnitInfo      : No LoadTimeWeaver setup: ignoring JPA class transformer
2025-08-07T06:35:00.607Z  INFO 6426 --- [           main] org.hibernate.orm.connections.pooling    : HHH10001005: Database info:
	Database JDBC URL [Connecting through datasource 'HikariDataSource (HikariPool-19)']
	Database driver: undefined/unknown
	Database version: 2.3.232
	Autocommit mode: undefined/unknown
	Isolation level: undefined/unknown
	Minimum pool size: undefined/unknown
	Maximum pool size: undefined/unknown
2025-08-07T06:35:00.621Z  INFO 6426 --- [           main] o.h.e.t.j.p.i.JtaPlatformInitiator       : HHH000489: No JTA platform available (set 'hibernate.transaction.jta.platform' to enable JTA platform integration)
2025-08-07T06:35:00.622Z  INFO 6426 --- [           main] j.LocalContainerEntityManagerFactoryBean : Initialized JPA EntityManagerFactory for persistence unit 'default'
2025-08-07T06:35:00.688Z  WARN 6426 --- [           main] JpaBaseConfiguration$JpaWebConfiguration : spring.jpa.open-in-view is enabled by default. Therefore, database queries may be performed during view rendering. Explicitly configure spring.jpa.open-in-view to disable this warning
2025-08-07T06:35:00.713Z  INFO 6426 --- [           main] o.s.b.w.embedded.tomcat.TomcatWebServer  : Tomcat started on port 46835 (http) with context path '/'
2025-08-07T06:35:00.715Z  INFO 6426 --- [           main] c.e.e.EmployeeApiIntegrationTest         : Started EmployeeApiIntegrationTest in 0.196 seconds (process running for 17.576)
2025-08-07T06:35:00.723Z  INFO 6426 --- [-auto-19-exec-1] o.a.c.c.C.[Tomcat].[localhost].[/]       : Initializing Spring DispatcherServlet 'dispatcherServlet'
2025-08-07T06:35:00.723Z  INFO 6426 --- [-auto-19-exec-1] o.s.web.servlet.DispatcherServlet        : Initializing Servlet 'dispatcherServlet'
2025-08-07T06:35:00.723Z  INFO 6426 --- [-auto-19-exec-1] o.s.web.servlet.DispatcherServlet        : Completed initialization in 0 ms
]]></system-out>
  </testcase>
</testsuite>